2026-04-14 15:28:17,363 - ngboost_train - INFO - ============================================================
2026-04-14 15:28:17,364 - ngboost_train - INFO - NGBoost Residual Model Training Pipeline
2026-04-14 15:28:17,364 - ngboost_train - INFO - ============================================================
2026-04-14 15:28:17,364 - ngboost_train - INFO - Output directory: output\ngboost_20260414_152817
2026-04-14 15:28:17,364 - ngboost_train - INFO - XGBoost model: output/3.16_150rounds/xgboost_model.pkl
2026-04-14 15:28:17,364 - ngboost_train - INFO - 
----------------------------------------
2026-04-14 15:28:17,368 - ngboost_train - INFO - Step 1: Loading XGBoost Model
2026-04-14 15:28:17,368 - ngboost_train - INFO - ----------------------------------------
2026-04-14 15:28:17,368 - ngboost_train - INFO - Loading XGBoost model from: output/3.16_150rounds/xgboost_model.pkl
2026-04-14 15:28:17,491 - ngboost_train - INFO - Loaded model (with preprocessor state) from: output\3.16_150rounds\xgboost_model.pkl
2026-04-14 15:28:17,492 - ngboost_train - INFO - Model uses log_transform_target: False
2026-04-14 15:28:17,492 - ngboost_train - INFO - 
----------------------------------------
2026-04-14 15:28:17,492 - ngboost_train - INFO - Step 2: Loading and Preprocessing Data
2026-04-14 15:28:17,492 - ngboost_train - INFO - ----------------------------------------
2026-04-14 15:28:17,492 - ngboost_train - INFO - Loading data from: D:\AI_study\shujukuzhuanhua\training_data_alter.csv
2026-04-14 15:28:17,496 - ngboost_train - INFO - Loaded 670 rows and 12 columns
2026-04-14 15:28:17,496 - ngboost_train - INFO - Validating data...
2026-04-14 15:28:17,497 - ngboost_train - INFO - Data validation passed
2026-04-14 15:28:17,497 - ngboost_train - INFO - Feature columns (11): ['R e,out', 't e,out', 'R e,in', 't e,in', 'e', 'fy,out', 'fy,in', 'fc,ref', 'L/r', 'ke', 'N0']
2026-04-14 15:28:17,497 - ngboost_train - INFO - Dropped columns: ['b', 'h', 'r0', 't', 'Unnamed: 22']
2026-04-14 15:28:17,499 - ngboost_train - INFO - Dataset: 670 samples, 11 features
2026-04-14 15:28:17,500 - ngboost_train - INFO - No missing values found
2026-04-14 15:28:17,500 - ngboost_train - INFO - Preprocessing complete. Features: 11
2026-04-14 15:28:17,502 - ngboost_train - INFO - Data split: Train=536 samples, Test=134 samples
2026-04-14 15:28:17,502 - ngboost_train - INFO - Training samples: 536
2026-04-14 15:28:17,502 - ngboost_train - INFO - Test samples: 134
2026-04-14 15:28:17,502 - ngboost_train - INFO - 
----------------------------------------
2026-04-14 15:28:17,502 - ngboost_train - INFO - Step 3: Calculating Residuals from XGBoost
2026-04-14 15:28:17,502 - ngboost_train - INFO - ----------------------------------------
2026-04-14 15:28:17,505 - ngboost_train - INFO - Training residuals - Mean: 0.0274, Std: 164.3653
2026-04-14 15:28:17,506 - ngboost_train - INFO - Test residuals - Mean: -20.9277, Std: 255.4827
2026-04-14 15:28:17,507 - ngboost_train - INFO - 
----------------------------------------
2026-04-14 15:28:17,507 - ngboost_train - INFO - Step 3.5: Calculating XGBoost Prediction Variance
2026-04-14 15:28:17,507 - ngboost_train - INFO - ----------------------------------------
2026-04-14 15:28:17,507 - ngboost_train - INFO - Using XGBoost ensemble variance as input feature for NGBoost
2026-04-14 15:28:18,270 - ngboost_train - INFO - Training variance - Mean: 163.8784, Std: 216.9805
2026-04-14 15:28:18,270 - ngboost_train - INFO - Test variance - Mean: 131.3728, Std: 178.3689
2026-04-14 15:28:18,271 - ngboost_train - INFO - Feature matrix shape with variance: (536, 12)
2026-04-14 15:28:18,271 - ngboost_train - INFO - 
----------------------------------------
2026-04-14 15:28:18,271 - ngboost_train - INFO - Step 4: Training NGBoost on Residuals
2026-04-14 15:28:18,271 - ngboost_train - INFO - ----------------------------------------
2026-04-14 15:28:18,272 - ngboost_train - INFO - Loaded best parameters from: output\ngboost_20260414_152817\logs\ngboost_best_params.json
2026-04-14 15:28:18,272 - ngboost_train - INFO - Using best parameters from file
2026-04-14 15:28:18,272 - ngboost_train - INFO - 
============================================================
2026-04-14 15:28:18,272 - ngboost_train - INFO - Training NGBoost Model on Residuals
2026-04-14 15:28:18,272 - ngboost_train - INFO - ============================================================
2026-04-14 15:28:18,272 - ngboost_train - INFO - Training samples: 536
2026-04-14 15:28:18,273 - ngboost_train - INFO - Parameters: {'n_estimators': 600, 'learning_rate': 0.0029763227865135886, 'minibatch_frac': 0.799438827077471, 'col_sample': 0.8978498654162276, 'verbose': False, 'Dist': <class 'ngboost.distns.normal.Normal'>}
2026-04-14 15:28:18,779 - ngboost_train - INFO - Training completed with early stopping (patience=50)
2026-04-14 15:28:18,779 - ngboost_train - INFO - 
----------------------------------------
2026-04-14 15:28:18,779 - ngboost_train - INFO - Step 4.5: Calibrating Prediction Intervals
2026-04-14 15:28:18,779 - ngboost_train - INFO - ----------------------------------------
2026-04-14 15:28:18,779 - ngboost_train - INFO - 
============================================================
2026-04-14 15:28:18,779 - ngboost_train - INFO - Calibrating Prediction Intervals (Split Conformal)
2026-04-14 15:28:18,779 - ngboost_train - INFO - ============================================================
2026-04-14 15:28:18,779 - ngboost_train - INFO - Calibration samples: 134
2026-04-14 15:28:18,779 - ngboost_train - INFO - Target confidence: 95.00%
2026-04-14 15:28:18,788 - ngboost_train - INFO - Calibration margin: 415.9117
2026-04-14 15:28:18,788 - ngboost_train - INFO - Calibrated validation coverage: 95.52%
2026-04-14 15:28:18,788 - ngboost_train - INFO - Calibrated mean width: 1395.5614
2026-04-14 15:28:18,788 - ngboost_train - INFO - ============================================================
2026-04-14 15:28:18,788 - ngboost_train - INFO - 
----------------------------------------
2026-04-14 15:28:18,789 - ngboost_train - INFO - Step 5: Evaluating Prediction Intervals
2026-04-14 15:28:18,789 - ngboost_train - INFO - ----------------------------------------
2026-04-14 15:28:18,809 - ngboost_train - INFO - 
==================================================
2026-04-14 15:28:18,809 - ngboost_train - INFO - Evaluation Results - Ensemble Train Set
2026-04-14 15:28:18,809 - ngboost_train - INFO - ==================================================
2026-04-14 15:28:18,809 - ngboost_train - INFO - R2 Score:        0.996569
2026-04-14 15:28:18,809 - ngboost_train - INFO - MSE:             26719.7186
2026-04-14 15:28:18,809 - ngboost_train - INFO - RMSE:            163.4617
2026-04-14 15:28:18,809 - ngboost_train - INFO - MAE:             85.6066
2026-04-14 15:28:18,809 - ngboost_train - INFO - MAPE:            4.5685%
2026-04-14 15:28:18,809 - ngboost_train - INFO - COV:             0.093906
2026-04-14 15:28:18,809 - ngboost_train - INFO - --------------------------------------------------
2026-04-14 15:28:18,809 - ngboost_train - INFO - Ratio Metrics (xi = pred/actual):
2026-04-14 15:28:18,809 - ngboost_train - INFO -   mu_xi (mean):  1.009668  (ideal: 1.0)
2026-04-14 15:28:18,809 - ngboost_train - INFO -   rati_mean:     1.009668  (Ô¤˛â/ĘÔŃéµÄľůÖµ, ideal: 1.0)
2026-04-14 15:28:18,810 - ngboost_train - INFO -   sigma_xi (std): 0.094814
2026-04-14 15:28:18,810 - ngboost_train - INFO -   RMSE_ratio:    0.095217
2026-04-14 15:28:18,810 - ngboost_train - INFO -   Within +/-10%:   92.16%
2026-04-14 15:28:18,810 - ngboost_train - INFO -   Within +/-20%:   96.64%
2026-04-14 15:28:18,810 - ngboost_train - INFO - ==================================================
2026-04-14 15:28:18,810 - ngboost_train - INFO - 
============================================================
2026-04-14 15:28:18,810 - ngboost_train - INFO - Prediction Interval Coverage - Train
2026-04-14 15:28:18,810 - ngboost_train - INFO - ============================================================
2026-04-14 15:28:18,810 - ngboost_train - INFO - Interval Coverage: 100.00%
2026-04-14 15:28:18,810 - ngboost_train - INFO - 
Interval Width Statistics:
2026-04-14 15:28:18,810 - ngboost_train - INFO -   Mean Width: 1431.1178
2026-04-14 15:28:18,810 - ngboost_train - INFO -   Mean Width / Actual: 104.17%
2026-04-14 15:28:18,810 - ngboost_train - INFO - ============================================================
2026-04-14 15:28:18,828 - ngboost_train - INFO - 
==================================================
2026-04-14 15:28:18,828 - ngboost_train - INFO - Evaluation Results - Ensemble Test Set
2026-04-14 15:28:18,828 - ngboost_train - INFO - ==================================================
2026-04-14 15:28:18,829 - ngboost_train - INFO - R2 Score:        0.986842
2026-04-14 15:28:18,829 - ngboost_train - INFO - MSE:             67514.9944
2026-04-14 15:28:18,829 - ngboost_train - INFO - RMSE:            259.8365
2026-04-14 15:28:18,829 - ngboost_train - INFO - MAE:             146.6124
2026-04-14 15:28:18,829 - ngboost_train - INFO - MAPE:            6.8586%
2026-04-14 15:28:18,829 - ngboost_train - INFO - COV:             0.097608
2026-04-14 15:28:18,829 - ngboost_train - INFO - --------------------------------------------------
2026-04-14 15:28:18,829 - ngboost_train - INFO - Ratio Metrics (xi = pred/actual):
2026-04-14 15:28:18,829 - ngboost_train - INFO -   mu_xi (mean):  1.008339  (ideal: 1.0)
2026-04-14 15:28:18,829 - ngboost_train - INFO -   rati_mean:     1.008339  (Ô¤˛â/ĘÔŃéµÄľůÖµ, ideal: 1.0)
2026-04-14 15:28:18,829 - ngboost_train - INFO -   sigma_xi (std): 0.098422
2026-04-14 15:28:18,829 - ngboost_train - INFO -   RMSE_ratio:    0.098408
2026-04-14 15:28:18,829 - ngboost_train - INFO -   Within +/-10%:   76.87%
2026-04-14 15:28:18,829 - ngboost_train - INFO -   Within +/-20%:   92.54%
2026-04-14 15:28:18,829 - ngboost_train - INFO - ==================================================
2026-04-14 15:28:18,829 - ngboost_train - INFO - 
============================================================
2026-04-14 15:28:18,829 - ngboost_train - INFO - Prediction Interval Coverage - Test
2026-04-14 15:28:18,829 - ngboost_train - INFO - ============================================================
2026-04-14 15:28:18,829 - ngboost_train - INFO - Interval Coverage: 95.52%
2026-04-14 15:28:18,829 - ngboost_train - INFO - 
Interval Width Statistics:
2026-04-14 15:28:18,829 - ngboost_train - INFO -   Mean Width: 1395.5614
2026-04-14 15:28:18,829 - ngboost_train - INFO -   Mean Width / Actual: 106.10%
2026-04-14 15:28:18,829 - ngboost_train - INFO - ============================================================
2026-04-14 15:28:18,829 - ngboost_train - INFO - 
============================================================
2026-04-14 15:28:18,829 - ngboost_train - INFO - Overfitting Analysis
2026-04-14 15:28:18,829 - ngboost_train - INFO - ============================================================
2026-04-14 15:28:18,829 - ngboost_train - INFO - R2 Gap (Train - Test):     0.009727
2026-04-14 15:28:18,829 - ngboost_train - INFO -   - Threshold: >0.05 indicates overfitting
2026-04-14 15:28:18,829 - ngboost_train - INFO - RMSE Ratio (Test/Train):   1.5896
2026-04-14 15:28:18,829 - ngboost_train - INFO -   - Threshold: >1.5 indicates overfitting
2026-04-14 15:28:18,829 - ngboost_train - INFO - MSE Ratio (Test/Train):    2.5268
2026-04-14 15:28:18,829 - ngboost_train - INFO - MAPE Ratio (Test/Train):   1.5013
2026-04-14 15:28:18,829 - ngboost_train - INFO - ------------------------------------------------------------
2026-04-14 15:28:18,829 - ngboost_train - INFO - Overfitting Score:         0.3546
2026-04-14 15:28:18,830 - ngboost_train - INFO - Generalization Score:      29.07/100
2026-04-14 15:28:18,830 - ngboost_train - INFO - Severity:                  MODERATE
2026-04-14 15:28:18,830 - ngboost_train - INFO - ============================================================
2026-04-14 15:28:18,830 - ngboost_train - INFO - Suggestions for improvement:
2026-04-14 15:28:18,830 - ngboost_train - INFO -   1. Fine-tune col_sample and minibatch_frac
2026-04-14 15:28:18,830 - ngboost_train - INFO -   2. Slightly reduce learning_rate
2026-04-14 15:28:18,830 - ngboost_train - INFO - 
[OK] Coverage target met: 95.52% >= 95%
2026-04-14 15:28:18,830 - ngboost_train - INFO - 
============================================================
2026-04-14 15:28:18,830 - ngboost_train - INFO - Ensemble Model (XGBoost + NGBoost) Performance Summary
2026-04-14 15:28:18,830 - ngboost_train - INFO - ============================================================
2026-04-14 15:28:18,830 - ngboost_train - INFO - Using NGBoost mean-adjusted predictions for evaluation
2026-04-14 15:28:18,830 - ngboost_train - INFO - ------------------------------------------------------------
2026-04-14 15:28:18,830 - ngboost_train - INFO - 
[Training Set]
2026-04-14 15:28:18,830 - ngboost_train - INFO -   R2 Score:  0.996569
2026-04-14 15:28:18,830 - ngboost_train - INFO -   MSE:       26719.7186
2026-04-14 15:28:18,830 - ngboost_train - INFO -   RMSE:      163.4617
2026-04-14 15:28:18,830 - ngboost_train - INFO -   MAE:       85.6066
2026-04-14 15:28:18,830 - ngboost_train - INFO -   MAPE:      4.5685%
2026-04-14 15:28:18,830 - ngboost_train - INFO - 
[Test Set]
2026-04-14 15:28:18,830 - ngboost_train - INFO -   R2 Score:  0.986842
2026-04-14 15:28:18,830 - ngboost_train - INFO -   MSE:       67514.9944
2026-04-14 15:28:18,831 - ngboost_train - INFO -   RMSE:      259.8365
2026-04-14 15:28:18,831 - ngboost_train - INFO -   MAE:       146.6124
2026-04-14 15:28:18,831 - ngboost_train - INFO -   MAPE:      6.8586%
2026-04-14 15:28:18,831 - ngboost_train - INFO - ============================================================
2026-04-14 15:28:18,831 - ngboost_train - INFO - 
----------------------------------------
2026-04-14 15:28:18,831 - ngboost_train - INFO - Step 6: Generating Visualizations
2026-04-14 15:28:18,831 - ngboost_train - INFO - ----------------------------------------
2026-04-14 15:28:19,271 - ngboost_train - INFO - Saved residual distribution plot to: output\ngboost_20260414_152817\residual_distribution.png
2026-04-14 15:28:19,610 - ngboost_train - INFO - Saved prediction intervals plot to: output\ngboost_20260414_152817\prediction_intervals.png
2026-04-14 15:28:20,033 - ngboost_train - INFO - Saved calibration curve to: output\ngboost_20260414_152817\calibration_curve.png
2026-04-14 15:28:20,340 - ngboost_train - INFO - Saved stacking comparison plot to: output\ngboost_20260414_152817\stacking_comparison.png
2026-04-14 15:28:21,233 - ngboost_train - INFO - Saved residual diagnostics plot to: output\ngboost_20260414_152817\residual_diagnostics.png
2026-04-14 15:28:21,677 - ngboost_train - INFO - Saved uncertainty calibration plot to: output\ngboost_20260414_152817\uncertainty_calibration.png
2026-04-14 15:28:21,691 - ngboost_train - WARNING - Feature importance length mismatch; skipping interpretation plot.
2026-04-14 15:28:21,691 - ngboost_train - INFO - 
----------------------------------------
2026-04-14 15:28:21,691 - ngboost_train - INFO - Step 7: Saving NGBoost Model
2026-04-14 15:28:21,691 - ngboost_train - INFO - ----------------------------------------
2026-04-14 15:28:21,694 - ngboost_train - INFO - Saved NGBoost model to: output\ngboost_20260414_152817\ngboost_residual_model.pkl
2026-04-14 15:28:21,695 - ngboost_train - INFO - Saved coverage summary to: output\ngboost_20260414_152817\coverage_summary.txt
2026-04-14 15:28:21,695 - ngboost_train - INFO - 
============================================================
2026-04-14 15:28:21,695 - ngboost_train - INFO - NGBoost Training Complete!
2026-04-14 15:28:21,695 - ngboost_train - INFO - ============================================================
2026-04-14 15:28:21,695 - ngboost_train - INFO - Model saved to: output\ngboost_20260414_152817\ngboost_residual_model.pkl
2026-04-14 15:28:21,695 - ngboost_train - INFO - Outputs saved to: output\ngboost_20260414_152817
2026-04-14 15:28:21,695 - ngboost_train - INFO - ============================================================
