2026-04-02 19:51:29,502 - ngboost_train - INFO - ============================================================
2026-04-02 19:51:29,502 - ngboost_train - INFO - NGBoost Residual Model Training Pipeline
2026-04-02 19:51:29,502 - ngboost_train - INFO - ============================================================
2026-04-02 19:51:29,502 - ngboost_train - INFO - Output directory: output\ngboost_20260402_195129
2026-04-02 19:51:29,503 - ngboost_train - INFO - XGBoost model: output/xgboost_model.pkl
2026-04-02 19:51:29,503 - ngboost_train - INFO - 
----------------------------------------
2026-04-02 19:51:29,503 - ngboost_train - INFO - Step 1: Loading XGBoost Model
2026-04-02 19:51:29,503 - ngboost_train - INFO - ----------------------------------------
2026-04-02 19:51:29,504 - ngboost_train - INFO - Loading XGBoost model from: output/xgboost_model.pkl
2026-04-02 19:51:29,622 - ngboost_train - INFO - Loaded model (with preprocessor state) from: output\xgboost_model.pkl
2026-04-02 19:51:29,622 - ngboost_train - INFO - Model uses log_transform_target: True
2026-04-02 19:51:29,623 - ngboost_train - INFO - 
----------------------------------------
2026-04-02 19:51:29,623 - ngboost_train - INFO - Step 2: Loading and Preprocessing Data
2026-04-02 19:51:29,623 - ngboost_train - INFO - ----------------------------------------
2026-04-02 19:51:29,623 - ngboost_train - INFO - Loading data from: D:\AI_study\shujukuzhuanhua\training_data.csv
2026-04-02 19:51:29,627 - ngboost_train - INFO - Loaded 670 rows and 25 columns
2026-04-02 19:51:29,627 - ngboost_train - INFO - Validating data...
2026-04-02 19:51:29,628 - ngboost_train - INFO - Data validation passed
2026-04-02 19:51:29,628 - ngboost_train - INFO - Feature columns (24): ['R e,out', 't e,out', 'R e,in', 't e,in', 'Aso', 'Asi', 'As', 'Ac', 'Ak', '¦Ö', 'e', '¦Ă', 'R e,out/R e,in', 't out/t in', '¦Ő r', 'fy,out', 'fy,in', 'fy,out/fy,in', 'fc,ref', 'L', 'e/L', 'ke', "fc'*Ac", 'N0/kN']
2026-04-02 19:51:29,628 - ngboost_train - INFO - Dropped columns: ['b', 'h', 'r0', 't', 'Unnamed: 21']
2026-04-02 19:51:29,630 - ngboost_train - INFO - Dataset: 670 samples, 24 features
2026-04-02 19:51:29,631 - ngboost_train - INFO - No missing values found
2026-04-02 19:51:29,631 - ngboost_train - INFO - Preprocessing complete. Features: 24
2026-04-02 19:51:29,633 - ngboost_train - INFO - Data split: Train=536 samples, Test=134 samples
2026-04-02 19:51:29,633 - ngboost_train - INFO - Training samples: 536
2026-04-02 19:51:29,633 - ngboost_train - INFO - Test samples: 134
2026-04-02 19:51:29,633 - ngboost_train - INFO - 
----------------------------------------
2026-04-02 19:51:29,634 - ngboost_train - INFO - Step 3: Calculating Residuals from XGBoost
2026-04-02 19:51:29,634 - ngboost_train - INFO - ----------------------------------------
2026-04-02 19:51:29,636 - ngboost_train - INFO - Training residuals - Mean: 3020.0305, Std: 2789.8469
2026-04-02 19:51:29,637 - ngboost_train - INFO - Test residuals - Mean: 2510.3945, Std: 2264.4061
2026-04-02 19:51:29,637 - ngboost_train - INFO - 
----------------------------------------
2026-04-02 19:51:29,637 - ngboost_train - INFO - Step 4: Training NGBoost on Residuals
2026-04-02 19:51:29,637 - ngboost_train - INFO - ----------------------------------------
2026-04-02 19:51:29,638 - ngboost_train - INFO - 
Running hyperparameter optimization...
2026-04-02 19:51:29,638 - ngboost_train - INFO - 
============================================================
2026-04-02 19:51:29,639 - ngboost_train - INFO - Starting NGBoost Hyperparameter Optimization
2026-04-02 19:51:29,639 - ngboost_train - INFO - ============================================================
2026-04-02 19:51:29,639 - ngboost_train - INFO - Number of trials: 150
2026-04-02 19:51:29,639 - ngboost_train - INFO - Timeout: 3600 seconds
2026-04-02 19:51:29,639 - ngboost_train - INFO - Study name: ngboost_residual_optimization
2026-04-02 20:51:51,200 - ngboost_train - INFO - Saved best parameters to: output\ngboost_20260402_195129\logs\ngboost_best_params.json
2026-04-02 20:51:51,200 - ngboost_train - INFO - 
============================================================
2026-04-02 20:51:51,200 - ngboost_train - INFO - Optimization Complete
2026-04-02 20:51:51,201 - ngboost_train - INFO - Best NLL: 7.098424
2026-04-02 20:51:51,202 - ngboost_train - INFO - Best Parameters:
2026-04-02 20:51:51,203 - ngboost_train - INFO -   n_estimators: 800
2026-04-02 20:51:51,203 - ngboost_train - INFO -   learning_rate: 0.0039183358831640265
2026-04-02 20:51:51,204 - ngboost_train - INFO -   minibatch_frac: 0.42079448742494197
2026-04-02 20:51:51,204 - ngboost_train - INFO -   col_sample: 0.5357688550065784
2026-04-02 20:51:51,204 - ngboost_train - INFO - ============================================================
2026-04-02 20:51:51,204 - ngboost_train - INFO - 
============================================================
2026-04-02 20:51:51,204 - ngboost_train - INFO - Training NGBoost Model on Residuals
2026-04-02 20:51:51,205 - ngboost_train - INFO - ============================================================
2026-04-02 20:51:51,205 - ngboost_train - INFO - Training samples: 536
2026-04-02 20:51:51,205 - ngboost_train - INFO - Parameters: {'n_estimators': 800, 'learning_rate': 0.0039183358831640265, 'minibatch_frac': 0.42079448742494197, 'col_sample': 0.5357688550065784, 'Dist': <class 'ngboost.distns.normal.Normal'>, 'verbose': False}
2026-04-02 20:51:58,737 - ngboost_train - INFO - Training completed with early stopping (patience=50)
2026-04-02 20:51:58,738 - ngboost_train - INFO - 
----------------------------------------
2026-04-02 20:51:58,738 - ngboost_train - INFO - Step 5: Evaluating Prediction Intervals
2026-04-02 20:51:58,738 - ngboost_train - INFO - ----------------------------------------
2026-04-02 20:51:59,159 - ngboost_train - INFO - 
==================================================
2026-04-02 20:51:59,160 - ngboost_train - INFO - Evaluation Results - Ensemble Train Set
2026-04-02 20:51:59,160 - ngboost_train - INFO - ==================================================
2026-04-02 20:51:59,161 - ngboost_train - INFO - R2 Score:        0.993509
2026-04-02 20:51:59,161 - ngboost_train - INFO - MSE:             50551.1070
2026-04-02 20:51:59,161 - ngboost_train - INFO - RMSE:            224.8357
2026-04-02 20:51:59,161 - ngboost_train - INFO - MAE:             154.5533
2026-04-02 20:51:59,161 - ngboost_train - INFO - MAPE:            9.4605%
2026-04-02 20:51:59,161 - ngboost_train - INFO - COV:             0.151728
2026-04-02 20:51:59,162 - ngboost_train - INFO - --------------------------------------------------
2026-04-02 20:51:59,162 - ngboost_train - INFO - Ratio Metrics (xi = pred/actual):
2026-04-02 20:51:59,162 - ngboost_train - INFO -   mu_xi (mean):  1.033943  (ideal: 1.0)
2026-04-02 20:51:59,163 - ngboost_train - INFO -   rati_mean:     1.033943  (Ô¤˛â/ĘÔŃéµÄľůÖµ, ideal: 1.0)
2026-04-02 20:51:59,163 - ngboost_train - INFO -   sigma_xi (std): 0.156878
2026-04-02 20:51:59,163 - ngboost_train - INFO -   RMSE_ratio:    0.160365
2026-04-02 20:51:59,163 - ngboost_train - INFO -   Within +/-10%:   68.47%
2026-04-02 20:51:59,163 - ngboost_train - INFO -   Within +/-20%:   89.37%
2026-04-02 20:51:59,164 - ngboost_train - INFO - ==================================================
2026-04-02 20:51:59,164 - ngboost_train - INFO - 
============================================================
2026-04-02 20:51:59,164 - ngboost_train - INFO - Prediction Interval Coverage - Train
2026-04-02 20:51:59,164 - ngboost_train - INFO - ============================================================
2026-04-02 20:51:59,165 - ngboost_train - INFO - 97% Interval Coverage: 99.81%
2026-04-02 20:51:59,165 - ngboost_train - INFO - Target Coverage: 97.00%
2026-04-02 20:51:59,165 - ngboost_train - INFO - Coverage Gap: 2.81%
2026-04-02 20:51:59,166 - ngboost_train - INFO - 
Interval Width Statistics:
2026-04-02 20:51:59,166 - ngboost_train - INFO -   Mean Width: 1197.5173
2026-04-02 20:51:59,167 - ngboost_train - INFO -   Mean Width / Actual: 76.59%
2026-04-02 20:51:59,167 - ngboost_train - INFO - ============================================================
2026-04-02 20:51:59,476 - ngboost_train - INFO - 
==================================================
2026-04-02 20:51:59,477 - ngboost_train - INFO - Evaluation Results - Ensemble Test Set
2026-04-02 20:51:59,477 - ngboost_train - INFO - ==================================================
2026-04-02 20:51:59,477 - ngboost_train - INFO - R2 Score:        0.962682
2026-04-02 20:51:59,477 - ngboost_train - INFO - MSE:             191475.4207
2026-04-02 20:51:59,478 - ngboost_train - INFO - RMSE:            437.5790
2026-04-02 20:51:59,478 - ngboost_train - INFO - MAE:             247.9080
2026-04-02 20:51:59,478 - ngboost_train - INFO - MAPE:            12.5780%
2026-04-02 20:51:59,478 - ngboost_train - INFO - COV:             0.157415
2026-04-02 20:51:59,478 - ngboost_train - INFO - --------------------------------------------------
2026-04-02 20:51:59,479 - ngboost_train - INFO - Ratio Metrics (xi = pred/actual):
2026-04-02 20:51:59,479 - ngboost_train - INFO -   mu_xi (mean):  1.053282  (ideal: 1.0)
2026-04-02 20:51:59,479 - ngboost_train - INFO -   rati_mean:     1.053282  (Ô¤˛â/ĘÔŃéµÄľůÖµ, ideal: 1.0)
2026-04-02 20:51:59,479 - ngboost_train - INFO -   sigma_xi (std): 0.165802
2026-04-02 20:51:59,480 - ngboost_train - INFO -   RMSE_ratio:    0.173563
2026-04-02 20:51:59,480 - ngboost_train - INFO -   Within +/-10%:   57.46%
2026-04-02 20:51:59,480 - ngboost_train - INFO -   Within +/-20%:   82.09%
2026-04-02 20:51:59,480 - ngboost_train - INFO - ==================================================
2026-04-02 20:51:59,480 - ngboost_train - INFO - 
============================================================
2026-04-02 20:51:59,481 - ngboost_train - INFO - Prediction Interval Coverage - Test
2026-04-02 20:51:59,481 - ngboost_train - INFO - ============================================================
2026-04-02 20:51:59,481 - ngboost_train - INFO - 97% Interval Coverage: 94.03%
2026-04-02 20:51:59,481 - ngboost_train - INFO - Target Coverage: 97.00%
2026-04-02 20:51:59,481 - ngboost_train - INFO - Coverage Gap: 2.97%
2026-04-02 20:51:59,482 - ngboost_train - INFO - 
Interval Width Statistics:
2026-04-02 20:51:59,482 - ngboost_train - INFO -   Mean Width: 1143.5416
2026-04-02 20:51:59,482 - ngboost_train - INFO -   Mean Width / Actual: 76.77%
2026-04-02 20:51:59,482 - ngboost_train - INFO - ============================================================
2026-04-02 20:51:59,482 - ngboost_train - INFO - 
============================================================
2026-04-02 20:51:59,482 - ngboost_train - INFO - Overfitting Analysis
2026-04-02 20:51:59,483 - ngboost_train - INFO - ============================================================
2026-04-02 20:51:59,483 - ngboost_train - INFO - R2 Gap (Train - Test):     0.030827
2026-04-02 20:51:59,483 - ngboost_train - INFO -   - Threshold: >0.05 indicates overfitting
2026-04-02 20:51:59,483 - ngboost_train - INFO - RMSE Ratio (Test/Train):   1.9462
2026-04-02 20:51:59,483 - ngboost_train - INFO -   - Threshold: >1.5 indicates overfitting
2026-04-02 20:51:59,483 - ngboost_train - INFO - MSE Ratio (Test/Train):    3.7878
2026-04-02 20:51:59,484 - ngboost_train - INFO - MAPE Ratio (Test/Train):   1.3295
2026-04-02 20:51:59,484 - ngboost_train - INFO - ------------------------------------------------------------
2026-04-02 20:51:59,484 - ngboost_train - INFO - Overfitting Score:         0.5369
2026-04-02 20:51:59,484 - ngboost_train - INFO - Generalization Score:      0.00/100
2026-04-02 20:51:59,484 - ngboost_train - INFO - Severity:                  MODERATE
2026-04-02 20:51:59,484 - ngboost_train - INFO - ============================================================
2026-04-02 20:51:59,484 - ngboost_train - INFO - Suggestions for improvement:
2026-04-02 20:51:59,484 - ngboost_train - INFO -   1. Fine-tune col_sample and minibatch_frac
2026-04-02 20:51:59,484 - ngboost_train - INFO -   2. Slightly reduce learning_rate
2026-04-02 20:51:59,485 - ngboost_train - WARNING - 
[X] Coverage target NOT met: 94.03% < 97%
2026-04-02 20:51:59,485 - ngboost_train - WARNING - Consider increasing n_estimators or adjusting learning_rate
2026-04-02 20:51:59,485 - ngboost_train - INFO - 
============================================================
2026-04-02 20:51:59,485 - ngboost_train - INFO - Ensemble Model (XGBoost + NGBoost) Performance Summary
2026-04-02 20:51:59,485 - ngboost_train - INFO - ============================================================
2026-04-02 20:51:59,485 - ngboost_train - INFO - Using NGBoost mean-adjusted predictions for evaluation
2026-04-02 20:51:59,486 - ngboost_train - INFO - ------------------------------------------------------------
2026-04-02 20:51:59,486 - ngboost_train - INFO - 
[Training Set]
2026-04-02 20:51:59,486 - ngboost_train - INFO -   R2 Score:  0.993509
2026-04-02 20:51:59,486 - ngboost_train - INFO -   MSE:       50551.1070
2026-04-02 20:51:59,486 - ngboost_train - INFO -   RMSE:      224.8357
2026-04-02 20:51:59,486 - ngboost_train - INFO -   MAE:       154.5533
2026-04-02 20:51:59,486 - ngboost_train - INFO -   MAPE:      9.4605%
2026-04-02 20:51:59,487 - ngboost_train - INFO - 
[Test Set]
2026-04-02 20:51:59,487 - ngboost_train - INFO -   R2 Score:  0.962682
2026-04-02 20:51:59,487 - ngboost_train - INFO -   MSE:       191475.4207
2026-04-02 20:51:59,487 - ngboost_train - INFO -   RMSE:      437.5790
2026-04-02 20:51:59,487 - ngboost_train - INFO -   MAE:       247.9080
2026-04-02 20:51:59,487 - ngboost_train - INFO -   MAPE:      12.5780%
2026-04-02 20:51:59,487 - ngboost_train - INFO - ============================================================
2026-04-02 20:51:59,487 - ngboost_train - INFO - 
----------------------------------------
2026-04-02 20:51:59,488 - ngboost_train - INFO - Step 6: Generating Visualizations
2026-04-02 20:51:59,488 - ngboost_train - INFO - ----------------------------------------
2026-04-02 20:52:00,297 - ngboost_train - INFO - Saved residual distribution plot to: output\ngboost_20260402_195129\residual_distribution.png
2026-04-02 20:52:00,881 - ngboost_train - INFO - Saved prediction intervals plot to: output\ngboost_20260402_195129\prediction_intervals.png
2026-04-02 20:52:04,561 - ngboost_train - INFO - Saved calibration curve to: output\ngboost_20260402_195129\calibration_curve.png
2026-04-02 20:52:04,575 - ngboost_train - INFO - 
----------------------------------------
2026-04-02 20:52:04,576 - ngboost_train - INFO - Step 7: Saving NGBoost Model
2026-04-02 20:52:04,576 - ngboost_train - INFO - ----------------------------------------
2026-04-02 20:52:04,619 - ngboost_train - INFO - Saved NGBoost model to: output\ngboost_20260402_195129\ngboost_residual_model.pkl
2026-04-02 20:52:04,620 - ngboost_train - INFO - Saved coverage summary to: output\ngboost_20260402_195129\coverage_summary.txt
2026-04-02 20:52:04,621 - ngboost_train - INFO - 
============================================================
2026-04-02 20:52:04,621 - ngboost_train - INFO - NGBoost Training Complete!
2026-04-02 20:52:04,621 - ngboost_train - INFO - ============================================================
2026-04-02 20:52:04,621 - ngboost_train - INFO - Model saved to: output\ngboost_20260402_195129\ngboost_residual_model.pkl
2026-04-02 20:52:04,621 - ngboost_train - INFO - Outputs saved to: output\ngboost_20260402_195129
2026-04-02 20:52:04,621 - ngboost_train - INFO - ============================================================
