2026-04-06 09:58:00,580 - ngboost_train - INFO - ============================================================
2026-04-06 09:58:00,581 - ngboost_train - INFO - NGBoost Residual Model Training Pipeline
2026-04-06 09:58:00,581 - ngboost_train - INFO - ============================================================
2026-04-06 09:58:00,581 - ngboost_train - INFO - Output directory: output\ngboost_20260406_095800
2026-04-06 09:58:00,581 - ngboost_train - INFO - XGBoost model: output/3.16_150rounds/xgboost_model.pkl
2026-04-06 09:58:00,581 - ngboost_train - INFO - 
----------------------------------------
2026-04-06 09:58:00,582 - ngboost_train - INFO - Step 1: Loading XGBoost Model
2026-04-06 09:58:00,582 - ngboost_train - INFO - ----------------------------------------
2026-04-06 09:58:00,582 - ngboost_train - INFO - Loading XGBoost model from: output/3.16_150rounds/xgboost_model.pkl
2026-04-06 09:58:00,778 - ngboost_train - INFO - Loaded model (with preprocessor state) from: output\3.16_150rounds\xgboost_model.pkl
2026-04-06 09:58:00,778 - ngboost_train - INFO - Model uses log_transform_target: False
2026-04-06 09:58:00,779 - ngboost_train - INFO - 
----------------------------------------
2026-04-06 09:58:00,779 - ngboost_train - INFO - Step 2: Loading and Preprocessing Data
2026-04-06 09:58:00,779 - ngboost_train - INFO - ----------------------------------------
2026-04-06 09:58:00,779 - ngboost_train - INFO - Loading data from: D:\AI_study\shujukuzhuanhua\training_data.csv
2026-04-06 09:58:00,782 - ngboost_train - INFO - Loaded 670 rows and 25 columns
2026-04-06 09:58:00,782 - ngboost_train - INFO - Validating data...
2026-04-06 09:58:00,783 - ngboost_train - INFO - Data validation passed
2026-04-06 09:58:00,783 - ngboost_train - INFO - Feature columns (24): ['R e,out', 't e,out', 'R e,in', 't e,in', 'Aso', 'Asi', 'As', 'Ac', 'Ak', '¦Ö', 'e', '¦Ă', 'R e,out/R e,in', 't out/t in', '¦Ő r', 'fy,out', 'fy,in', 'fy,out/fy,in', 'fc,ref', 'L', 'e/L', 'ke', "fc'*Ac", 'N0/kN']
2026-04-06 09:58:00,783 - ngboost_train - INFO - Dropped columns: ['b', 'h', 'r0', 't', 'Unnamed: 21']
2026-04-06 09:58:00,784 - ngboost_train - INFO - Dataset: 670 samples, 24 features
2026-04-06 09:58:00,785 - ngboost_train - INFO - No missing values found
2026-04-06 09:58:00,785 - ngboost_train - INFO - Preprocessing complete. Features: 24
2026-04-06 09:58:00,786 - ngboost_train - INFO - Data split: Train=536 samples, Test=134 samples
2026-04-06 09:58:00,786 - ngboost_train - INFO - Training samples: 536
2026-04-06 09:58:00,787 - ngboost_train - INFO - Test samples: 134
2026-04-06 09:58:00,787 - ngboost_train - INFO - 
----------------------------------------
2026-04-06 09:58:00,787 - ngboost_train - INFO - Step 3: Calculating Residuals from XGBoost
2026-04-06 09:58:00,787 - ngboost_train - INFO - ----------------------------------------
2026-04-06 09:58:00,789 - ngboost_train - INFO - Training residuals - Mean: -0.2677, Std: 161.6122
2026-04-06 09:58:00,790 - ngboost_train - INFO - Test residuals - Mean: -44.3525, Std: 328.7204
2026-04-06 09:58:00,790 - ngboost_train - INFO - 
----------------------------------------
2026-04-06 09:58:00,790 - ngboost_train - INFO - Step 3.5: Calculating XGBoost Prediction Variance
2026-04-06 09:58:00,790 - ngboost_train - INFO - ----------------------------------------
2026-04-06 09:58:00,790 - ngboost_train - INFO - Using XGBoost ensemble variance as input feature for NGBoost
2026-04-06 09:58:01,541 - ngboost_train - INFO - Training variance - Mean: 163.0817, Std: 219.9380
2026-04-06 09:58:01,541 - ngboost_train - INFO - Test variance - Mean: 131.3588, Std: 181.8612
2026-04-06 09:58:01,541 - ngboost_train - INFO - Feature matrix shape with variance: (536, 25)
2026-04-06 09:58:01,541 - ngboost_train - INFO - 
----------------------------------------
2026-04-06 09:58:01,541 - ngboost_train - INFO - Step 4: Training NGBoost on Residuals
2026-04-06 09:58:01,542 - ngboost_train - INFO - ----------------------------------------
2026-04-06 09:58:01,542 - ngboost_train - INFO - Using default NGBoost parameters
2026-04-06 09:58:01,542 - ngboost_train - INFO - 
============================================================
2026-04-06 09:58:01,542 - ngboost_train - INFO - Training NGBoost Model on Residuals
2026-04-06 09:58:01,542 - ngboost_train - INFO - ============================================================
2026-04-06 09:58:01,542 - ngboost_train - INFO - Training samples: 536
2026-04-06 09:58:01,542 - ngboost_train - INFO - Parameters: {'n_estimators': 1800, 'learning_rate': 0.0039, 'minibatch_frac': 0.42, 'col_sample': 0.54, 'verbose': False}
2026-04-06 09:58:01,914 - ngboost_train - INFO - Training completed with early stopping (patience=50)
2026-04-06 09:58:01,914 - ngboost_train - INFO - 
----------------------------------------
2026-04-06 09:58:01,914 - ngboost_train - INFO - Step 4.5: Temperature Scaling Calibration
2026-04-06 09:58:01,914 - ngboost_train - INFO - ----------------------------------------
2026-04-06 09:58:01,914 - ngboost_train - INFO - 
Finding optimal temperature for 95% coverage...
2026-04-06 09:58:01,924 - ngboost_train - INFO - Optimal temperature: T = 1.2511
2026-04-06 09:58:01,924 - ngboost_train - INFO - Coverage before scaling: 99.07%
2026-04-06 09:58:01,924 - ngboost_train - INFO - Coverage after scaling: 95.90%
2026-04-06 09:58:01,924 - ngboost_train - INFO - 
Applying temperature T=1.2511 to all predictions
2026-04-06 09:58:01,924 - ngboost_train - INFO - 
----------------------------------------
2026-04-06 09:58:01,924 - ngboost_train - INFO - Step 5: Evaluating Prediction Intervals
2026-04-06 09:58:01,924 - ngboost_train - INFO - ----------------------------------------
2026-04-06 09:58:01,933 - ngboost_train - INFO - 
==================================================
2026-04-06 09:58:01,934 - ngboost_train - INFO - Evaluation Results - Ensemble Train Set
2026-04-06 09:58:01,934 - ngboost_train - INFO - ==================================================
2026-04-06 09:58:01,934 - ngboost_train - INFO - R2 Score:        0.996663
2026-04-06 09:58:01,934 - ngboost_train - INFO - MSE:             25986.2129
2026-04-06 09:58:01,934 - ngboost_train - INFO - RMSE:            161.2024
2026-04-06 09:58:01,934 - ngboost_train - INFO - MAE:             82.1621
2026-04-06 09:58:01,934 - ngboost_train - INFO - MAPE:            4.5288%
2026-04-06 09:58:01,934 - ngboost_train - INFO - COV:             0.094916
2026-04-06 09:58:01,934 - ngboost_train - INFO - --------------------------------------------------
2026-04-06 09:58:01,934 - ngboost_train - INFO - Ratio Metrics (xi = pred/actual):
2026-04-06 09:58:01,934 - ngboost_train - INFO -   mu_xi (mean):  1.008974  (ideal: 1.0)
2026-04-06 09:58:01,934 - ngboost_train - INFO -   rati_mean:     1.008974  (Ô¤˛â/ĘÔŃéµÄľůÖµ, ideal: 1.0)
2026-04-06 09:58:01,934 - ngboost_train - INFO -   sigma_xi (std): 0.095768
2026-04-06 09:58:01,934 - ngboost_train - INFO -   RMSE_ratio:    0.096098
2026-04-06 09:58:01,934 - ngboost_train - INFO -   Within +/-10%:   90.86%
2026-04-06 09:58:01,934 - ngboost_train - INFO -   Within +/-20%:   96.08%
2026-04-06 09:58:01,934 - ngboost_train - INFO - ==================================================
2026-04-06 09:58:01,934 - ngboost_train - INFO - 
============================================================
2026-04-06 09:58:01,934 - ngboost_train - INFO - Prediction Interval Coverage - Train
2026-04-06 09:58:01,934 - ngboost_train - INFO - ============================================================
2026-04-06 09:58:01,934 - ngboost_train - INFO - Interval Coverage: 95.90%
2026-04-06 09:58:01,934 - ngboost_train - INFO - 
Interval Width Statistics:
2026-04-06 09:58:01,934 - ngboost_train - INFO -   Mean Width: 465.9925
2026-04-06 09:58:01,934 - ngboost_train - INFO -   Mean Width / Actual: 33.25%
2026-04-06 09:58:01,934 - ngboost_train - INFO - ============================================================
2026-04-06 09:58:01,942 - ngboost_train - INFO - 
==================================================
2026-04-06 09:58:01,942 - ngboost_train - INFO - Evaluation Results - Ensemble Test Set
2026-04-06 09:58:01,942 - ngboost_train - INFO - ==================================================
2026-04-06 09:58:01,942 - ngboost_train - INFO - R2 Score:        0.978465
2026-04-06 09:58:01,942 - ngboost_train - INFO - MSE:             110492.7801
2026-04-06 09:58:01,942 - ngboost_train - INFO - RMSE:            332.4045
2026-04-06 09:58:01,942 - ngboost_train - INFO - MAE:             162.7786
2026-04-06 09:58:01,942 - ngboost_train - INFO - MAPE:            7.6396%
2026-04-06 09:58:01,942 - ngboost_train - INFO - COV:             0.104783
2026-04-06 09:58:01,942 - ngboost_train - INFO - --------------------------------------------------
2026-04-06 09:58:01,942 - ngboost_train - INFO - Ratio Metrics (xi = pred/actual):
2026-04-06 09:58:01,942 - ngboost_train - INFO -   mu_xi (mean):  1.019723  (ideal: 1.0)
2026-04-06 09:58:01,942 - ngboost_train - INFO -   rati_mean:     1.019723  (Ô¤˛â/ĘÔŃéµÄľůÖµ, ideal: 1.0)
2026-04-06 09:58:01,942 - ngboost_train - INFO -   sigma_xi (std): 0.106849
2026-04-06 09:58:01,942 - ngboost_train - INFO -   RMSE_ratio:    0.108262
2026-04-06 09:58:01,942 - ngboost_train - INFO -   Within +/-10%:   73.13%
2026-04-06 09:58:01,942 - ngboost_train - INFO -   Within +/-20%:   91.04%
2026-04-06 09:58:01,942 - ngboost_train - INFO - ==================================================
2026-04-06 09:58:01,942 - ngboost_train - INFO - 
============================================================
2026-04-06 09:58:01,942 - ngboost_train - INFO - Prediction Interval Coverage - Test
2026-04-06 09:58:01,942 - ngboost_train - INFO - ============================================================
2026-04-06 09:58:01,942 - ngboost_train - INFO - Interval Coverage: 85.07%
2026-04-06 09:58:01,942 - ngboost_train - INFO - 
Interval Width Statistics:
2026-04-06 09:58:01,942 - ngboost_train - INFO -   Mean Width: 441.1365
2026-04-06 09:58:01,942 - ngboost_train - INFO -   Mean Width / Actual: 33.09%
2026-04-06 09:58:01,943 - ngboost_train - INFO - ============================================================
2026-04-06 09:58:01,943 - ngboost_train - INFO - 
============================================================
2026-04-06 09:58:01,943 - ngboost_train - INFO - Overfitting Analysis
2026-04-06 09:58:01,943 - ngboost_train - INFO - ============================================================
2026-04-06 09:58:01,943 - ngboost_train - INFO - R2 Gap (Train - Test):     0.018198
2026-04-06 09:58:01,943 - ngboost_train - INFO -   - Threshold: >0.05 indicates overfitting
2026-04-06 09:58:01,943 - ngboost_train - INFO - RMSE Ratio (Test/Train):   2.0620
2026-04-06 09:58:01,943 - ngboost_train - INFO -   - Threshold: >1.5 indicates overfitting
2026-04-06 09:58:01,943 - ngboost_train - INFO - MSE Ratio (Test/Train):    4.2520
2026-04-06 09:58:01,943 - ngboost_train - INFO - MAPE Ratio (Test/Train):   1.6869
2026-04-06 09:58:01,943 - ngboost_train - INFO - ------------------------------------------------------------
2026-04-06 09:58:01,943 - ngboost_train - INFO - Overfitting Score:         0.6179
2026-04-06 09:58:01,943 - ngboost_train - INFO - Generalization Score:      0.00/100
2026-04-06 09:58:01,943 - ngboost_train - INFO - Severity:                  HIGH
2026-04-06 09:58:01,943 - ngboost_train - INFO - ============================================================
2026-04-06 09:58:01,943 - ngboost_train - WARNING - Recommendations to reduce overfitting:
2026-04-06 09:58:01,943 - ngboost_train - WARNING -   1. Increase regularization (minibatch_frac, col_sample)
2026-04-06 09:58:01,943 - ngboost_train - WARNING -   2. Reduce n_estimators or learning_rate
2026-04-06 09:58:01,943 - ngboost_train - WARNING -   3. Add early stopping with validation set
2026-04-06 09:58:01,943 - ngboost_train - WARNING - 
[X] Coverage target NOT met: 85.07% < 95%
2026-04-06 09:58:01,943 - ngboost_train - WARNING - Consider increasing n_estimators or adjusting learning_rate
2026-04-06 09:58:01,943 - ngboost_train - INFO - 
============================================================
2026-04-06 09:58:01,943 - ngboost_train - INFO - Ensemble Model (XGBoost + NGBoost) Performance Summary
2026-04-06 09:58:01,943 - ngboost_train - INFO - ============================================================
2026-04-06 09:58:01,943 - ngboost_train - INFO - Using NGBoost mean-adjusted predictions for evaluation
2026-04-06 09:58:01,943 - ngboost_train - INFO - ------------------------------------------------------------
2026-04-06 09:58:01,943 - ngboost_train - INFO - 
[Training Set]
2026-04-06 09:58:01,943 - ngboost_train - INFO -   R2 Score:  0.996663
2026-04-06 09:58:01,943 - ngboost_train - INFO -   MSE:       25986.2129
2026-04-06 09:58:01,944 - ngboost_train - INFO -   RMSE:      161.2024
2026-04-06 09:58:01,944 - ngboost_train - INFO -   MAE:       82.1621
2026-04-06 09:58:01,944 - ngboost_train - INFO -   MAPE:      4.5288%
2026-04-06 09:58:01,944 - ngboost_train - INFO - 
[Test Set]
2026-04-06 09:58:01,944 - ngboost_train - INFO -   R2 Score:  0.978465
2026-04-06 09:58:01,944 - ngboost_train - INFO -   MSE:       110492.7801
2026-04-06 09:58:01,944 - ngboost_train - INFO -   RMSE:      332.4045
2026-04-06 09:58:01,944 - ngboost_train - INFO -   MAE:       162.7786
2026-04-06 09:58:01,944 - ngboost_train - INFO -   MAPE:      7.6396%
2026-04-06 09:58:01,944 - ngboost_train - INFO - ============================================================
2026-04-06 09:58:01,944 - ngboost_train - INFO - 
----------------------------------------
2026-04-06 09:58:01,944 - ngboost_train - INFO - Step 6: Generating Visualizations
2026-04-06 09:58:01,944 - ngboost_train - INFO - ----------------------------------------
2026-04-06 09:58:02,368 - ngboost_train - INFO - Saved residual distribution plot to: output\ngboost_20260406_095800\residual_distribution.png
2026-04-06 09:58:02,727 - ngboost_train - INFO - Saved prediction intervals plot to: output\ngboost_20260406_095800\prediction_intervals.png
2026-04-06 09:58:03,135 - ngboost_train - INFO - Saved calibration curve to: output\ngboost_20260406_095800\calibration_curve.png
2026-04-06 09:58:03,148 - ngboost_train - INFO - 
----------------------------------------
2026-04-06 09:58:03,148 - ngboost_train - INFO - Step 7: Saving NGBoost Model
2026-04-06 09:58:03,148 - ngboost_train - INFO - ----------------------------------------
2026-04-06 09:58:03,152 - ngboost_train - INFO - Saved NGBoost model to: output\ngboost_20260406_095800\ngboost_residual_model.pkl
2026-04-06 09:58:03,152 - ngboost_train - INFO - Saved coverage summary to: output\ngboost_20260406_095800\coverage_summary.txt
2026-04-06 09:58:03,152 - ngboost_train - INFO - 
============================================================
2026-04-06 09:58:03,152 - ngboost_train - INFO - NGBoost Training Complete!
2026-04-06 09:58:03,152 - ngboost_train - INFO - ============================================================
2026-04-06 09:58:03,153 - ngboost_train - INFO - Model saved to: output\ngboost_20260406_095800\ngboost_residual_model.pkl
2026-04-06 09:58:03,153 - ngboost_train - INFO - Outputs saved to: output\ngboost_20260406_095800
2026-04-06 09:58:03,153 - ngboost_train - INFO - ============================================================
