2026-04-14 15:35:55,671 - ngboost_train - INFO - ============================================================
2026-04-14 15:35:55,671 - ngboost_train - INFO - NGBoost Residual Model Training Pipeline
2026-04-14 15:35:55,671 - ngboost_train - INFO - ============================================================
2026-04-14 15:35:55,671 - ngboost_train - INFO - Output directory: output\ngboost_20260414_153555
2026-04-14 15:35:55,671 - ngboost_train - INFO - XGBoost model: output/3.16_150rounds/xgboost_model.pkl
2026-04-14 15:35:55,672 - ngboost_train - INFO - 
----------------------------------------
2026-04-14 15:35:55,672 - ngboost_train - INFO - Step 1: Loading XGBoost Model
2026-04-14 15:35:55,672 - ngboost_train - INFO - ----------------------------------------
2026-04-14 15:35:55,672 - ngboost_train - INFO - Loading XGBoost model from: output/3.16_150rounds/xgboost_model.pkl
2026-04-14 15:35:55,797 - ngboost_train - INFO - Loaded model (with preprocessor state) from: output\3.16_150rounds\xgboost_model.pkl
2026-04-14 15:35:55,797 - ngboost_train - INFO - Model uses log_transform_target: False
2026-04-14 15:35:55,797 - ngboost_train - INFO - 
----------------------------------------
2026-04-14 15:35:55,797 - ngboost_train - INFO - Step 2: Loading and Preprocessing Data
2026-04-14 15:35:55,797 - ngboost_train - INFO - ----------------------------------------
2026-04-14 15:35:55,797 - ngboost_train - INFO - Loading data from: D:\AI_study\shujukuzhuanhua\training_data_alter.csv
2026-04-14 15:35:55,801 - ngboost_train - INFO - Loaded 670 rows and 12 columns
2026-04-14 15:35:55,801 - ngboost_train - INFO - Validating data...
2026-04-14 15:35:55,802 - ngboost_train - INFO - Data validation passed
2026-04-14 15:35:55,802 - ngboost_train - INFO - Feature columns (11): ['R e,out', 't e,out', 'R e,in', 't e,in', 'e', 'fy,out', 'fy,in', 'fc,ref', 'L/r', 'ke', 'N0']
2026-04-14 15:35:55,802 - ngboost_train - INFO - Dropped columns: ['b', 'h', 'r0', 't', 'Unnamed: 22']
2026-04-14 15:35:55,804 - ngboost_train - INFO - Dataset: 670 samples, 11 features
2026-04-14 15:35:55,805 - ngboost_train - INFO - No missing values found
2026-04-14 15:35:55,805 - ngboost_train - INFO - Preprocessing complete. Features: 11
2026-04-14 15:35:55,807 - ngboost_train - INFO - Data split: Train=536 samples, Test=134 samples
2026-04-14 15:35:55,807 - ngboost_train - INFO - Training samples: 536
2026-04-14 15:35:55,807 - ngboost_train - INFO - Test samples: 134
2026-04-14 15:35:55,807 - ngboost_train - INFO - 
----------------------------------------
2026-04-14 15:35:55,807 - ngboost_train - INFO - Step 3: Calculating Residuals from XGBoost
2026-04-14 15:35:55,807 - ngboost_train - INFO - ----------------------------------------
2026-04-14 15:35:55,810 - ngboost_train - INFO - Training residuals - Mean: 0.0274, Std: 164.3653
2026-04-14 15:35:55,812 - ngboost_train - INFO - Test residuals - Mean: -20.9277, Std: 255.4827
2026-04-14 15:35:55,812 - ngboost_train - INFO - 
----------------------------------------
2026-04-14 15:35:55,812 - ngboost_train - INFO - Step 3.5: Calculating XGBoost Prediction Variance
2026-04-14 15:35:55,812 - ngboost_train - INFO - ----------------------------------------
2026-04-14 15:35:55,812 - ngboost_train - INFO - Using XGBoost ensemble variance as input feature for NGBoost
2026-04-14 15:35:56,644 - ngboost_train - INFO - Training variance - Mean: 163.8784, Std: 216.9805
2026-04-14 15:35:56,644 - ngboost_train - INFO - Test variance - Mean: 131.3728, Std: 178.3689
2026-04-14 15:35:56,644 - ngboost_train - INFO - Feature matrix shape with variance: (536, 12)
2026-04-14 15:35:56,644 - ngboost_train - INFO - 
----------------------------------------
2026-04-14 15:35:56,644 - ngboost_train - INFO - Step 4: Training NGBoost on Residuals
2026-04-14 15:35:56,644 - ngboost_train - INFO - ----------------------------------------
2026-04-14 15:35:56,645 - ngboost_train - INFO - Loaded best parameters from: output\ngboost_20260414_153555\logs\ngboost_best_params.json
2026-04-14 15:35:56,645 - ngboost_train - INFO - Using best parameters from file
2026-04-14 15:35:56,645 - ngboost_train - INFO - 
============================================================
2026-04-14 15:35:56,645 - ngboost_train - INFO - Training NGBoost Model on Residuals
2026-04-14 15:35:56,645 - ngboost_train - INFO - ============================================================
2026-04-14 15:35:56,645 - ngboost_train - INFO - Training samples: 536
2026-04-14 15:35:56,645 - ngboost_train - INFO - Parameters: {'n_estimators': 600, 'learning_rate': 0.0029763227865135886, 'minibatch_frac': 0.799438827077471, 'col_sample': 0.8978498654162276, 'verbose': False, 'Dist': <class 'ngboost.distns.normal.Normal'>}
2026-04-14 15:35:57,098 - ngboost_train - INFO - Training completed with early stopping (patience=50)
2026-04-14 15:35:57,098 - ngboost_train - INFO - 
----------------------------------------
2026-04-14 15:35:57,098 - ngboost_train - INFO - Step 4.5: Calibrating Prediction Intervals
2026-04-14 15:35:57,098 - ngboost_train - INFO - ----------------------------------------
2026-04-14 15:35:57,098 - ngboost_train - INFO - 
============================================================
2026-04-14 15:35:57,098 - ngboost_train - INFO - Calibrating Prediction Intervals (Split Conformal)
2026-04-14 15:35:57,098 - ngboost_train - INFO - ============================================================
2026-04-14 15:35:57,098 - ngboost_train - INFO - Calibration samples: 134
2026-04-14 15:35:57,098 - ngboost_train - INFO - Target confidence: 95.00%
2026-04-14 15:35:57,106 - ngboost_train - INFO - Calibration margin: 397.0936
2026-04-14 15:35:57,107 - ngboost_train - INFO - Calibrated validation coverage: 95.52%
2026-04-14 15:35:57,107 - ngboost_train - INFO - Calibrated mean width: 1358.0449
2026-04-14 15:35:57,107 - ngboost_train - INFO - ============================================================
2026-04-14 15:35:57,107 - ngboost_train - INFO - 
----------------------------------------
2026-04-14 15:35:57,107 - ngboost_train - INFO - Step 5: Evaluating Prediction Intervals
2026-04-14 15:35:57,107 - ngboost_train - INFO - ----------------------------------------
2026-04-14 15:35:57,126 - ngboost_train - INFO - 
==================================================
2026-04-14 15:35:57,126 - ngboost_train - INFO - Evaluation Results - Ensemble Train Set
2026-04-14 15:35:57,126 - ngboost_train - INFO - ==================================================
2026-04-14 15:35:57,126 - ngboost_train - INFO - R2 Score:        0.996568
2026-04-14 15:35:57,126 - ngboost_train - INFO - MSE:             26729.4446
2026-04-14 15:35:57,126 - ngboost_train - INFO - RMSE:            163.4914
2026-04-14 15:35:57,126 - ngboost_train - INFO - MAE:             85.6892
2026-04-14 15:35:57,126 - ngboost_train - INFO - MAPE:            4.5679%
2026-04-14 15:35:57,126 - ngboost_train - INFO - COV:             0.093528
2026-04-14 15:35:57,126 - ngboost_train - INFO - --------------------------------------------------
2026-04-14 15:35:57,126 - ngboost_train - INFO - Ratio Metrics (xi = pred/actual):
2026-04-14 15:35:57,126 - ngboost_train - INFO -   mu_xi (mean):  1.009613  (ideal: 1.0)
2026-04-14 15:35:57,126 - ngboost_train - INFO -   rati_mean:     1.009613  (Ô¤˛â/ĘÔŃéµÄľůÖµ, ideal: 1.0)
2026-04-14 15:35:57,127 - ngboost_train - INFO -   sigma_xi (std): 0.094427
2026-04-14 15:35:57,127 - ngboost_train - INFO -   RMSE_ratio:    0.094827
2026-04-14 15:35:57,127 - ngboost_train - INFO -   Within +/-10%:   91.79%
2026-04-14 15:35:57,127 - ngboost_train - INFO -   Within +/-20%:   96.64%
2026-04-14 15:35:57,127 - ngboost_train - INFO - ==================================================
2026-04-14 15:35:57,127 - ngboost_train - INFO - 
============================================================
2026-04-14 15:35:57,127 - ngboost_train - INFO - Prediction Interval Coverage - Train
2026-04-14 15:35:57,127 - ngboost_train - INFO - ============================================================
2026-04-14 15:35:57,127 - ngboost_train - INFO - Interval Coverage: 100.00%
2026-04-14 15:35:57,127 - ngboost_train - INFO - 
Interval Width Statistics:
2026-04-14 15:35:57,127 - ngboost_train - INFO -   Mean Width: 1391.5790
2026-04-14 15:35:57,127 - ngboost_train - INFO -   Mean Width / Actual: 101.21%
2026-04-14 15:35:57,127 - ngboost_train - INFO - ============================================================
2026-04-14 15:35:57,144 - ngboost_train - INFO - 
==================================================
2026-04-14 15:35:57,144 - ngboost_train - INFO - Evaluation Results - Ensemble Test Set
2026-04-14 15:35:57,144 - ngboost_train - INFO - ==================================================
2026-04-14 15:35:57,144 - ngboost_train - INFO - R2 Score:        0.986849
2026-04-14 15:35:57,144 - ngboost_train - INFO - MSE:             67476.7449
2026-04-14 15:35:57,144 - ngboost_train - INFO - RMSE:            259.7629
2026-04-14 15:35:57,144 - ngboost_train - INFO - MAE:             146.6572
2026-04-14 15:35:57,144 - ngboost_train - INFO - MAPE:            6.8609%
2026-04-14 15:35:57,144 - ngboost_train - INFO - COV:             0.097724
2026-04-14 15:35:57,144 - ngboost_train - INFO - --------------------------------------------------
2026-04-14 15:35:57,144 - ngboost_train - INFO - Ratio Metrics (xi = pred/actual):
2026-04-14 15:35:57,144 - ngboost_train - INFO -   mu_xi (mean):  1.008428  (ideal: 1.0)
2026-04-14 15:35:57,145 - ngboost_train - INFO -   rati_mean:     1.008428  (Ô¤˛â/ĘÔŃéµÄľůÖµ, ideal: 1.0)
2026-04-14 15:35:57,145 - ngboost_train - INFO -   sigma_xi (std): 0.098548
2026-04-14 15:35:57,145 - ngboost_train - INFO -   RMSE_ratio:    0.098541
2026-04-14 15:35:57,145 - ngboost_train - INFO -   Within +/-10%:   77.61%
2026-04-14 15:35:57,145 - ngboost_train - INFO -   Within +/-20%:   92.54%
2026-04-14 15:35:57,145 - ngboost_train - INFO - ==================================================
2026-04-14 15:35:57,145 - ngboost_train - INFO - 
============================================================
2026-04-14 15:35:57,145 - ngboost_train - INFO - Prediction Interval Coverage - Test
2026-04-14 15:35:57,145 - ngboost_train - INFO - ============================================================
2026-04-14 15:35:57,145 - ngboost_train - INFO - Interval Coverage: 95.52%
2026-04-14 15:35:57,145 - ngboost_train - INFO - 
Interval Width Statistics:
2026-04-14 15:35:57,145 - ngboost_train - INFO -   Mean Width: 1358.0449
2026-04-14 15:35:57,145 - ngboost_train - INFO -   Mean Width / Actual: 103.11%
2026-04-14 15:35:57,145 - ngboost_train - INFO - ============================================================
2026-04-14 15:35:57,145 - ngboost_train - INFO - 
============================================================
2026-04-14 15:35:57,145 - ngboost_train - INFO - Overfitting Analysis
2026-04-14 15:35:57,145 - ngboost_train - INFO - ============================================================
2026-04-14 15:35:57,145 - ngboost_train - INFO - R2 Gap (Train - Test):     0.009719
2026-04-14 15:35:57,145 - ngboost_train - INFO -   - Threshold: >0.05 indicates overfitting
2026-04-14 15:35:57,145 - ngboost_train - INFO - RMSE Ratio (Test/Train):   1.5888
2026-04-14 15:35:57,145 - ngboost_train - INFO -   - Threshold: >1.5 indicates overfitting
2026-04-14 15:35:57,145 - ngboost_train - INFO - MSE Ratio (Test/Train):    2.5244
2026-04-14 15:35:57,145 - ngboost_train - INFO - MAPE Ratio (Test/Train):   1.5020
2026-04-14 15:35:57,145 - ngboost_train - INFO - ------------------------------------------------------------
2026-04-14 15:35:57,145 - ngboost_train - INFO - Overfitting Score:         0.3543
2026-04-14 15:35:57,145 - ngboost_train - INFO - Generalization Score:      29.13/100
2026-04-14 15:35:57,145 - ngboost_train - INFO - Severity:                  MODERATE
2026-04-14 15:35:57,145 - ngboost_train - INFO - ============================================================
2026-04-14 15:35:57,145 - ngboost_train - INFO - Suggestions for improvement:
2026-04-14 15:35:57,145 - ngboost_train - INFO -   1. Fine-tune col_sample and minibatch_frac
2026-04-14 15:35:57,145 - ngboost_train - INFO -   2. Slightly reduce learning_rate
2026-04-14 15:35:57,145 - ngboost_train - INFO - 
[OK] Coverage target met: 95.52% >= 95%
2026-04-14 15:35:57,145 - ngboost_train - INFO - 
============================================================
2026-04-14 15:35:57,145 - ngboost_train - INFO - Ensemble Model (XGBoost + NGBoost) Performance Summary
2026-04-14 15:35:57,145 - ngboost_train - INFO - ============================================================
2026-04-14 15:35:57,145 - ngboost_train - INFO - Using NGBoost mean-adjusted predictions for evaluation
2026-04-14 15:35:57,146 - ngboost_train - INFO - ------------------------------------------------------------
2026-04-14 15:35:57,146 - ngboost_train - INFO - 
[Training Set]
2026-04-14 15:35:57,146 - ngboost_train - INFO -   R2 Score:  0.996568
2026-04-14 15:35:57,146 - ngboost_train - INFO -   MSE:       26729.4446
2026-04-14 15:35:57,146 - ngboost_train - INFO -   RMSE:      163.4914
2026-04-14 15:35:57,146 - ngboost_train - INFO -   MAE:       85.6892
2026-04-14 15:35:57,146 - ngboost_train - INFO -   MAPE:      4.5679%
2026-04-14 15:35:57,146 - ngboost_train - INFO - 
[Test Set]
2026-04-14 15:35:57,146 - ngboost_train - INFO -   R2 Score:  0.986849
2026-04-14 15:35:57,146 - ngboost_train - INFO -   MSE:       67476.7449
2026-04-14 15:35:57,146 - ngboost_train - INFO -   RMSE:      259.7629
2026-04-14 15:35:57,146 - ngboost_train - INFO -   MAE:       146.6572
2026-04-14 15:35:57,146 - ngboost_train - INFO -   MAPE:      6.8609%
2026-04-14 15:35:57,146 - ngboost_train - INFO - ============================================================
2026-04-14 15:35:57,146 - ngboost_train - INFO - 
----------------------------------------
2026-04-14 15:35:57,146 - ngboost_train - INFO - Step 6: Generating Visualizations
2026-04-14 15:35:57,146 - ngboost_train - INFO - ----------------------------------------
2026-04-14 15:35:57,571 - ngboost_train - INFO - Saved residual distribution plot to: output\ngboost_20260414_153555\residual_distribution.png
2026-04-14 15:35:57,933 - ngboost_train - INFO - Saved prediction intervals plot to: output\ngboost_20260414_153555\prediction_intervals.png
2026-04-14 15:35:58,373 - ngboost_train - INFO - Saved calibration curve to: output\ngboost_20260414_153555\calibration_curve.png
2026-04-14 15:35:58,694 - ngboost_train - INFO - Saved stacking comparison plot to: output\ngboost_20260414_153555\stacking_comparison.png
2026-04-14 15:35:59,577 - ngboost_train - INFO - Saved residual diagnostics plot to: output\ngboost_20260414_153555\residual_diagnostics.png
2026-04-14 15:36:00,017 - ngboost_train - INFO - Saved uncertainty calibration plot to: output\ngboost_20260414_153555\uncertainty_calibration.png
2026-04-14 15:36:00,679 - ngboost_train - INFO - Saved NGBoost interpretation plot to: output\ngboost_20260414_153555\ngboost_interpretation.png
2026-04-14 15:36:00,692 - ngboost_train - INFO - 
----------------------------------------
2026-04-14 15:36:00,692 - ngboost_train - INFO - Step 7: Saving NGBoost Model
2026-04-14 15:36:00,692 - ngboost_train - INFO - ----------------------------------------
2026-04-14 15:36:00,695 - ngboost_train - INFO - Saved NGBoost model to: output\ngboost_20260414_153555\ngboost_residual_model.pkl
2026-04-14 15:36:00,696 - ngboost_train - INFO - Saved coverage summary to: output\ngboost_20260414_153555\coverage_summary.txt
2026-04-14 15:36:00,696 - ngboost_train - INFO - 
============================================================
2026-04-14 15:36:00,696 - ngboost_train - INFO - NGBoost Training Complete!
2026-04-14 15:36:00,696 - ngboost_train - INFO - ============================================================
2026-04-14 15:36:00,696 - ngboost_train - INFO - Model saved to: output\ngboost_20260414_153555\ngboost_residual_model.pkl
2026-04-14 15:36:00,696 - ngboost_train - INFO - Outputs saved to: output\ngboost_20260414_153555
2026-04-14 15:36:00,696 - ngboost_train - INFO - ============================================================
