2026-04-14 11:29:03,948 - ngboost_train - INFO - ============================================================
2026-04-14 11:29:03,949 - ngboost_train - INFO - NGBoost Residual Model Training Pipeline
2026-04-14 11:29:03,949 - ngboost_train - INFO - ============================================================
2026-04-14 11:29:03,949 - ngboost_train - INFO - Output directory: output\ngboost_20260414_112903
2026-04-14 11:29:03,949 - ngboost_train - INFO - XGBoost model: output/3.16_150rounds/xgboost_model.pkl
2026-04-14 11:29:03,949 - ngboost_train - INFO - 
----------------------------------------
2026-04-14 11:29:03,949 - ngboost_train - INFO - Step 1: Loading XGBoost Model
2026-04-14 11:29:03,949 - ngboost_train - INFO - ----------------------------------------
2026-04-14 11:29:03,949 - ngboost_train - INFO - Loading XGBoost model from: output/3.16_150rounds/xgboost_model.pkl
2026-04-14 11:29:04,106 - ngboost_train - INFO - Loaded model (with preprocessor state) from: output\3.16_150rounds\xgboost_model.pkl
2026-04-14 11:29:04,106 - ngboost_train - INFO - Model uses log_transform_target: False
2026-04-14 11:29:04,106 - ngboost_train - INFO - 
----------------------------------------
2026-04-14 11:29:04,106 - ngboost_train - INFO - Step 2: Loading and Preprocessing Data
2026-04-14 11:29:04,106 - ngboost_train - INFO - ----------------------------------------
2026-04-14 11:29:04,106 - ngboost_train - INFO - Loading data from: D:\AI_study\shujukuzhuanhua\training_data_alter.csv
2026-04-14 11:29:04,109 - ngboost_train - INFO - Loaded 670 rows and 12 columns
2026-04-14 11:29:04,109 - ngboost_train - INFO - Validating data...
2026-04-14 11:29:04,109 - ngboost_train - INFO - Data validation passed
2026-04-14 11:29:04,110 - ngboost_train - INFO - Feature columns (11): ['R e,out', 't e,out', 'R e,in', 't e,in', 'e', 'fy,out', 'fy,in', 'fc,ref', 'L/r', 'ke', 'N0']
2026-04-14 11:29:04,110 - ngboost_train - INFO - Dropped columns: ['b', 'h', 'r0', 't', 'Unnamed: 22']
2026-04-14 11:29:04,111 - ngboost_train - INFO - Dataset: 670 samples, 11 features
2026-04-14 11:29:04,112 - ngboost_train - INFO - No missing values found
2026-04-14 11:29:04,112 - ngboost_train - INFO - Preprocessing complete. Features: 11
2026-04-14 11:29:04,113 - ngboost_train - INFO - Data split: Train=536 samples, Test=134 samples
2026-04-14 11:29:04,113 - ngboost_train - INFO - Training samples: 536
2026-04-14 11:29:04,113 - ngboost_train - INFO - Test samples: 134
2026-04-14 11:29:04,113 - ngboost_train - INFO - 
----------------------------------------
2026-04-14 11:29:04,113 - ngboost_train - INFO - Step 3: Calculating Residuals from XGBoost
2026-04-14 11:29:04,113 - ngboost_train - INFO - ----------------------------------------
2026-04-14 11:29:04,115 - ngboost_train - INFO - Training residuals - Mean: 0.0274, Std: 164.3653
2026-04-14 11:29:04,117 - ngboost_train - INFO - Test residuals - Mean: -20.9277, Std: 255.4827
2026-04-14 11:29:04,117 - ngboost_train - INFO - 
----------------------------------------
2026-04-14 11:29:04,117 - ngboost_train - INFO - Step 3.5: Calculating XGBoost Prediction Variance
2026-04-14 11:29:04,117 - ngboost_train - INFO - ----------------------------------------
2026-04-14 11:29:04,117 - ngboost_train - INFO - Using XGBoost ensemble variance as input feature for NGBoost
2026-04-14 11:29:04,863 - ngboost_train - INFO - Training variance - Mean: 163.8784, Std: 216.9805
2026-04-14 11:29:04,863 - ngboost_train - INFO - Test variance - Mean: 131.3728, Std: 178.3689
2026-04-14 11:29:04,863 - ngboost_train - INFO - Feature matrix shape with variance: (536, 12)
2026-04-14 11:29:04,863 - ngboost_train - INFO - 
----------------------------------------
2026-04-14 11:29:04,864 - ngboost_train - INFO - Step 4: Training NGBoost on Residuals
2026-04-14 11:29:04,864 - ngboost_train - INFO - ----------------------------------------
2026-04-14 11:29:04,864 - ngboost_train - INFO - 
Running hyperparameter optimization...
2026-04-14 11:29:04,865 - ngboost_train - INFO - 
============================================================
2026-04-14 11:29:04,865 - ngboost_train - INFO - Starting NGBoost Hyperparameter Optimization
2026-04-14 11:29:04,865 - ngboost_train - INFO - ============================================================
2026-04-14 11:29:04,865 - ngboost_train - INFO - Number of trials: 150
2026-04-14 11:29:04,865 - ngboost_train - INFO - Timeout: 4500 seconds
2026-04-14 11:29:04,865 - ngboost_train - INFO - Study name: ngboost_residual_optimization
2026-04-14 12:04:06,516 - ngboost_train - INFO - Saved best parameters to: output\ngboost_20260414_112903\logs\ngboost_best_params.json
2026-04-14 12:04:06,516 - ngboost_train - INFO - 
============================================================
2026-04-14 12:04:06,516 - ngboost_train - INFO - Optimization Complete
2026-04-14 12:04:06,517 - ngboost_train - INFO - Best NLL: 5.990634
2026-04-14 12:04:06,517 - ngboost_train - INFO - Best Parameters:
2026-04-14 12:04:06,518 - ngboost_train - INFO -   n_estimators: 300
2026-04-14 12:04:06,518 - ngboost_train - INFO -   learning_rate: 0.004961943096253079
2026-04-14 12:04:06,518 - ngboost_train - INFO -   minibatch_frac: 0.4146646395535712
2026-04-14 12:04:06,518 - ngboost_train - INFO -   col_sample: 0.6580322830167872
2026-04-14 12:04:06,518 - ngboost_train - INFO - ============================================================
2026-04-14 12:04:06,518 - ngboost_train - INFO - 
============================================================
2026-04-14 12:04:06,518 - ngboost_train - INFO - Training NGBoost Model on Residuals
2026-04-14 12:04:06,519 - ngboost_train - INFO - ============================================================
2026-04-14 12:04:06,519 - ngboost_train - INFO - Training samples: 536
2026-04-14 12:04:06,519 - ngboost_train - INFO - Parameters: {'n_estimators': 300, 'learning_rate': 0.004961943096253079, 'minibatch_frac': 0.4146646395535712, 'col_sample': 0.6580322830167872, 'Dist': <class 'ngboost.distns.normal.Normal'>, 'verbose': False}
2026-04-14 12:04:06,946 - ngboost_train - INFO - Training completed with early stopping (patience=50)
2026-04-14 12:04:06,946 - ngboost_train - INFO - 
----------------------------------------
2026-04-14 12:04:06,946 - ngboost_train - INFO - Step 5: Evaluating Prediction Intervals
2026-04-14 12:04:06,946 - ngboost_train - INFO - ----------------------------------------
2026-04-14 12:04:06,969 - ngboost_train - INFO - 
==================================================
2026-04-14 12:04:06,969 - ngboost_train - INFO - Evaluation Results - Ensemble Train Set
2026-04-14 12:04:06,969 - ngboost_train - INFO - ==================================================
2026-04-14 12:04:06,969 - ngboost_train - INFO - R2 Score:        0.996574
2026-04-14 12:04:06,969 - ngboost_train - INFO - MSE:             26677.4526
2026-04-14 12:04:06,969 - ngboost_train - INFO - RMSE:            163.3323
2026-04-14 12:04:06,969 - ngboost_train - INFO - MAE:             85.6168
2026-04-14 12:04:06,969 - ngboost_train - INFO - MAPE:            4.5652%
2026-04-14 12:04:06,969 - ngboost_train - INFO - COV:             0.093694
2026-04-14 12:04:06,969 - ngboost_train - INFO - --------------------------------------------------
2026-04-14 12:04:06,969 - ngboost_train - INFO - Ratio Metrics (xi = pred/actual):
2026-04-14 12:04:06,969 - ngboost_train - INFO -   mu_xi (mean):  1.009311  (ideal: 1.0)
2026-04-14 12:04:06,969 - ngboost_train - INFO -   rati_mean:     1.009311  (啎聆/彸桄腔歙硉, ideal: 1.0)
2026-04-14 12:04:06,969 - ngboost_train - INFO -   sigma_xi (std): 0.094566
2026-04-14 12:04:06,969 - ngboost_train - INFO -   RMSE_ratio:    0.094936
2026-04-14 12:04:06,969 - ngboost_train - INFO -   Within +/-10%:   92.16%
2026-04-14 12:04:06,969 - ngboost_train - INFO -   Within +/-20%:   96.64%
2026-04-14 12:04:06,969 - ngboost_train - INFO - ==================================================
2026-04-14 12:04:06,969 - ngboost_train - INFO - 
============================================================
2026-04-14 12:04:06,969 - ngboost_train - INFO - Prediction Interval Coverage - Train
2026-04-14 12:04:06,969 - ngboost_train - INFO - ============================================================
2026-04-14 12:04:06,969 - ngboost_train - INFO - Interval Coverage: 99.07%
2026-04-14 12:04:06,969 - ngboost_train - INFO - 
Interval Width Statistics:
2026-04-14 12:04:06,969 - ngboost_train - INFO -   Mean Width: 553.8693
2026-04-14 12:04:06,970 - ngboost_train - INFO -   Mean Width / Actual: 38.06%
2026-04-14 12:04:06,970 - ngboost_train - INFO - ============================================================
2026-04-14 12:04:06,989 - ngboost_train - INFO - 
==================================================
2026-04-14 12:04:06,989 - ngboost_train - INFO - Evaluation Results - Ensemble Test Set
2026-04-14 12:04:06,989 - ngboost_train - INFO - ==================================================
2026-04-14 12:04:06,989 - ngboost_train - INFO - R2 Score:        0.986898
2026-04-14 12:04:06,989 - ngboost_train - INFO - MSE:             67227.2596
2026-04-14 12:04:06,989 - ngboost_train - INFO - RMSE:            259.2822
2026-04-14 12:04:06,989 - ngboost_train - INFO - MAE:             146.2386
2026-04-14 12:04:06,989 - ngboost_train - INFO - MAPE:            6.8748%
2026-04-14 12:04:06,989 - ngboost_train - INFO - COV:             0.098249
2026-04-14 12:04:06,989 - ngboost_train - INFO - --------------------------------------------------
2026-04-14 12:04:06,989 - ngboost_train - INFO - Ratio Metrics (xi = pred/actual):
2026-04-14 12:04:06,989 - ngboost_train - INFO -   mu_xi (mean):  1.008441  (ideal: 1.0)
2026-04-14 12:04:06,989 - ngboost_train - INFO -   rati_mean:     1.008441  (啎聆/彸桄腔歙硉, ideal: 1.0)
2026-04-14 12:04:06,989 - ngboost_train - INFO -   sigma_xi (std): 0.099078
2026-04-14 12:04:06,989 - ngboost_train - INFO -   RMSE_ratio:    0.099068
2026-04-14 12:04:06,989 - ngboost_train - INFO -   Within +/-10%:   76.12%
2026-04-14 12:04:06,989 - ngboost_train - INFO -   Within +/-20%:   92.54%
2026-04-14 12:04:06,989 - ngboost_train - INFO - ==================================================
2026-04-14 12:04:06,989 - ngboost_train - INFO - 
============================================================
2026-04-14 12:04:06,989 - ngboost_train - INFO - Prediction Interval Coverage - Test
2026-04-14 12:04:06,989 - ngboost_train - INFO - ============================================================
2026-04-14 12:04:06,990 - ngboost_train - INFO - Interval Coverage: 89.55%
2026-04-14 12:04:06,990 - ngboost_train - INFO - 
Interval Width Statistics:
2026-04-14 12:04:06,990 - ngboost_train - INFO -   Mean Width: 514.3384
2026-04-14 12:04:06,990 - ngboost_train - INFO -   Mean Width / Actual: 37.37%
2026-04-14 12:04:06,990 - ngboost_train - INFO - ============================================================
2026-04-14 12:04:06,990 - ngboost_train - INFO - 
============================================================
2026-04-14 12:04:06,990 - ngboost_train - INFO - Overfitting Analysis
2026-04-14 12:04:06,990 - ngboost_train - INFO - ============================================================
2026-04-14 12:04:06,990 - ngboost_train - INFO - R2 Gap (Train - Test):     0.009677
2026-04-14 12:04:06,990 - ngboost_train - INFO -   - Threshold: >0.05 indicates overfitting
2026-04-14 12:04:06,990 - ngboost_train - INFO - RMSE Ratio (Test/Train):   1.5875
2026-04-14 12:04:06,990 - ngboost_train - INFO -   - Threshold: >1.5 indicates overfitting
2026-04-14 12:04:06,990 - ngboost_train - INFO - MSE Ratio (Test/Train):    2.5200
2026-04-14 12:04:06,990 - ngboost_train - INFO - MAPE Ratio (Test/Train):   1.5059
2026-04-14 12:04:06,990 - ngboost_train - INFO - ------------------------------------------------------------
2026-04-14 12:04:06,990 - ngboost_train - INFO - Overfitting Score:         0.3540
2026-04-14 12:04:06,990 - ngboost_train - INFO - Generalization Score:      29.20/100
2026-04-14 12:04:06,990 - ngboost_train - INFO - Severity:                  MODERATE
2026-04-14 12:04:06,990 - ngboost_train - INFO - ============================================================
2026-04-14 12:04:06,990 - ngboost_train - INFO - Suggestions for improvement:
2026-04-14 12:04:06,990 - ngboost_train - INFO -   1. Fine-tune col_sample and minibatch_frac
2026-04-14 12:04:06,990 - ngboost_train - INFO -   2. Slightly reduce learning_rate
2026-04-14 12:04:06,990 - ngboost_train - WARNING - 
[X] Coverage target NOT met: 89.55% < 95%
2026-04-14 12:04:06,990 - ngboost_train - WARNING - Consider increasing n_estimators or adjusting learning_rate
2026-04-14 12:04:06,990 - ngboost_train - INFO - 
============================================================
2026-04-14 12:04:06,990 - ngboost_train - INFO - Ensemble Model (XGBoost + NGBoost) Performance Summary
2026-04-14 12:04:06,990 - ngboost_train - INFO - ============================================================
2026-04-14 12:04:06,990 - ngboost_train - INFO - Using NGBoost mean-adjusted predictions for evaluation
2026-04-14 12:04:06,990 - ngboost_train - INFO - ------------------------------------------------------------
2026-04-14 12:04:06,990 - ngboost_train - INFO - 
[Training Set]
2026-04-14 12:04:06,991 - ngboost_train - INFO -   R2 Score:  0.996574
2026-04-14 12:04:06,991 - ngboost_train - INFO -   MSE:       26677.4526
2026-04-14 12:04:06,991 - ngboost_train - INFO -   RMSE:      163.3323
2026-04-14 12:04:06,991 - ngboost_train - INFO -   MAE:       85.6168
2026-04-14 12:04:06,991 - ngboost_train - INFO -   MAPE:      4.5652%
2026-04-14 12:04:06,991 - ngboost_train - INFO - 
[Test Set]
2026-04-14 12:04:06,991 - ngboost_train - INFO -   R2 Score:  0.986898
2026-04-14 12:04:06,991 - ngboost_train - INFO -   MSE:       67227.2596
2026-04-14 12:04:06,991 - ngboost_train - INFO -   RMSE:      259.2822
2026-04-14 12:04:06,991 - ngboost_train - INFO -   MAE:       146.2386
2026-04-14 12:04:06,991 - ngboost_train - INFO -   MAPE:      6.8748%
2026-04-14 12:04:06,991 - ngboost_train - INFO - ============================================================
2026-04-14 12:04:06,991 - ngboost_train - INFO - 
----------------------------------------
2026-04-14 12:04:06,991 - ngboost_train - INFO - Step 6: Generating Visualizations
2026-04-14 12:04:06,991 - ngboost_train - INFO - ----------------------------------------
2026-04-14 12:04:07,414 - ngboost_train - INFO - Saved residual distribution plot to: output\ngboost_20260414_112903\residual_distribution.png
2026-04-14 12:04:07,723 - ngboost_train - INFO - Saved prediction intervals plot to: output\ngboost_20260414_112903\prediction_intervals.png
2026-04-14 12:04:08,152 - ngboost_train - INFO - Saved calibration curve to: output\ngboost_20260414_112903\calibration_curve.png
2026-04-14 12:04:08,163 - ngboost_train - INFO - 
----------------------------------------
2026-04-14 12:04:08,164 - ngboost_train - INFO - Step 7: Saving NGBoost Model
2026-04-14 12:04:08,164 - ngboost_train - INFO - ----------------------------------------
2026-04-14 12:04:08,167 - ngboost_train - INFO - Saved NGBoost model to: output\ngboost_20260414_112903\ngboost_residual_model.pkl
2026-04-14 12:04:08,168 - ngboost_train - INFO - Saved coverage summary to: output\ngboost_20260414_112903\coverage_summary.txt
2026-04-14 12:04:08,168 - ngboost_train - INFO - 
============================================================
2026-04-14 12:04:08,168 - ngboost_train - INFO - NGBoost Training Complete!
2026-04-14 12:04:08,168 - ngboost_train - INFO - ============================================================
2026-04-14 12:04:08,168 - ngboost_train - INFO - Model saved to: output\ngboost_20260414_112903\ngboost_residual_model.pkl
2026-04-14 12:04:08,168 - ngboost_train - INFO - Outputs saved to: output\ngboost_20260414_112903
2026-04-14 12:04:08,168 - ngboost_train - INFO - ============================================================
