2026-03-30 11:25:55,142 - ngboost_train - INFO - ============================================================
2026-03-30 11:25:55,142 - ngboost_train - INFO - NGBoost Residual Model Training Pipeline
2026-03-30 11:25:55,142 - ngboost_train - INFO - ============================================================
2026-03-30 11:25:55,142 - ngboost_train - INFO - Output directory: output\ngboost_20260330_112555
2026-03-30 11:25:55,142 - ngboost_train - INFO - XGBoost model: output/3.16_200rounds/xgboost_model.pkl
2026-03-30 11:25:55,142 - ngboost_train - INFO - 
----------------------------------------
2026-03-30 11:25:55,143 - ngboost_train - INFO - Step 1: Loading XGBoost Model
2026-03-30 11:25:55,143 - ngboost_train - INFO - ----------------------------------------
2026-03-30 11:25:55,143 - ngboost_train - INFO - Loading XGBoost model from: output/3.16_200rounds/xgboost_model.pkl
2026-03-30 11:25:55,277 - ngboost_train - INFO - Loaded model (with preprocessor state) from: output\3.16_200rounds\xgboost_model.pkl
2026-03-30 11:25:55,277 - ngboost_train - INFO - Model uses log_transform_target: False
2026-03-30 11:25:55,277 - ngboost_train - INFO - 
----------------------------------------
2026-03-30 11:25:55,277 - ngboost_train - INFO - Step 2: Loading and Preprocessing Data
2026-03-30 11:25:55,278 - ngboost_train - INFO - ----------------------------------------
2026-03-30 11:25:55,278 - ngboost_train - INFO - Loading data from: D:\AI_study\shujukuzhuanhua\training_data.csv
2026-03-30 11:25:55,284 - ngboost_train - INFO - Loaded 670 rows and 25 columns
2026-03-30 11:25:55,285 - ngboost_train - INFO - Validating data...
2026-03-30 11:25:55,287 - ngboost_train - INFO - Data validation passed
2026-03-30 11:25:55,287 - ngboost_train - INFO - Feature columns (24): ['R e,out', 't e,out', 'R e,in', 't e,in', 'Aso', 'Asi', 'As', 'Ac', 'Ak', '¦Ö', 'e', '¦Ă', 'R e,out/R e,in', 't out/t in', '¦Ő r', 'fy,out', 'fy,in', 'fy,out/fy,in', 'fc,ref', 'L', 'e/L', 'ke', "fc'*Ac", 'N0/kN']
2026-03-30 11:25:55,287 - ngboost_train - INFO - Dropped columns: ['b', 'h', 'r0', 't', 'Unnamed: 21']
2026-03-30 11:25:55,290 - ngboost_train - INFO - Dataset: 670 samples, 24 features
2026-03-30 11:25:55,291 - ngboost_train - INFO - No missing values found
2026-03-30 11:25:55,292 - ngboost_train - INFO - Preprocessing complete. Features: 24
2026-03-30 11:25:55,292 - ngboost_train - INFO - Log transform enabled for target variable (Nexp)
2026-03-30 11:25:55,294 - ngboost_train - INFO - Target log transform enabled (epsilon=1.0)
2026-03-30 11:25:55,294 - ngboost_train - INFO - Target range before transform: 228.00 ~ 15850.00
2026-03-30 11:25:55,294 - ngboost_train - INFO - Target range after transform: 5.4337 ~ 9.6710
2026-03-30 11:25:55,295 - ngboost_train - INFO - Data split: Train=536 samples, Test=134 samples
2026-03-30 11:25:55,295 - ngboost_train - INFO - Training samples: 536
2026-03-30 11:25:55,295 - ngboost_train - INFO - Test samples: 134
2026-03-30 11:25:55,295 - ngboost_train - INFO - 
----------------------------------------
2026-03-30 11:25:55,295 - ngboost_train - INFO - Step 3: Calculating Residuals from XGBoost
2026-03-30 11:25:55,295 - ngboost_train - INFO - ----------------------------------------
2026-03-30 11:25:55,302 - ngboost_train - INFO - Training residuals - Mean: -inf, Std: nan
2026-03-30 11:25:55,304 - ngboost_train - INFO - Test residuals - Mean: -inf, Std: nan
2026-03-30 11:25:55,304 - ngboost_train - INFO - 
----------------------------------------
2026-03-30 11:25:55,304 - ngboost_train - INFO - Step 4: Training NGBoost on Residuals
2026-03-30 11:25:55,304 - ngboost_train - INFO - ----------------------------------------
2026-03-30 11:25:55,305 - ngboost_train - INFO - Using default NGBoost parameters
2026-03-30 11:25:55,305 - ngboost_train - INFO - 
============================================================
2026-03-30 11:25:55,305 - ngboost_train - INFO - Training NGBoost Model on Residuals
2026-03-30 11:25:55,305 - ngboost_train - INFO - ============================================================
2026-03-30 11:25:55,305 - ngboost_train - INFO - Training samples: 536
2026-03-30 11:25:55,306 - ngboost_train - INFO - Parameters: {'n_estimators': 500, 'learning_rate': 0.01, 'minibatch_frac': 0.8, 'col_sample': 0.8, 'verbose': False}
