2026-04-06 09:20:33,137 - ngboost_train - INFO - ============================================================
2026-04-06 09:20:33,137 - ngboost_train - INFO - NGBoost Residual Model Training Pipeline
2026-04-06 09:20:33,137 - ngboost_train - INFO - ============================================================
2026-04-06 09:20:33,137 - ngboost_train - INFO - Output directory: output\ngboost_20260406_092033
2026-04-06 09:20:33,137 - ngboost_train - INFO - XGBoost model: output/3.16_150rounds/xgboost_model.pkl
2026-04-06 09:20:33,137 - ngboost_train - INFO - 
----------------------------------------
2026-04-06 09:20:33,138 - ngboost_train - INFO - Step 1: Loading XGBoost Model
2026-04-06 09:20:33,138 - ngboost_train - INFO - ----------------------------------------
2026-04-06 09:20:33,138 - ngboost_train - INFO - Loading XGBoost model from: output/3.16_150rounds/xgboost_model.pkl
2026-04-06 09:20:33,267 - ngboost_train - INFO - Loaded model (with preprocessor state) from: output\3.16_150rounds\xgboost_model.pkl
2026-04-06 09:20:33,267 - ngboost_train - INFO - Model uses log_transform_target: False
2026-04-06 09:20:33,268 - ngboost_train - INFO - 
----------------------------------------
2026-04-06 09:20:33,268 - ngboost_train - INFO - Step 2: Loading and Preprocessing Data
2026-04-06 09:20:33,268 - ngboost_train - INFO - ----------------------------------------
2026-04-06 09:20:33,268 - ngboost_train - INFO - Loading data from: D:\AI_study\shujukuzhuanhua\training_data.csv
2026-04-06 09:20:33,271 - ngboost_train - INFO - Loaded 670 rows and 25 columns
2026-04-06 09:20:33,272 - ngboost_train - INFO - Validating data...
2026-04-06 09:20:33,272 - ngboost_train - INFO - Data validation passed
2026-04-06 09:20:33,272 - ngboost_train - INFO - Feature columns (24): ['R e,out', 't e,out', 'R e,in', 't e,in', 'Aso', 'Asi', 'As', 'Ac', 'Ak', '聿', 'e', '污', 'R e,out/R e,in', 't out/t in', '耳 r', 'fy,out', 'fy,in', 'fy,out/fy,in', 'fc,ref', 'L', 'e/L', 'ke', "fc'*Ac", 'N0/kN']
2026-04-06 09:20:33,272 - ngboost_train - INFO - Dropped columns: ['b', 'h', 'r0', 't', 'Unnamed: 21']
2026-04-06 09:20:33,274 - ngboost_train - INFO - Dataset: 670 samples, 24 features
2026-04-06 09:20:33,275 - ngboost_train - INFO - No missing values found
2026-04-06 09:20:33,275 - ngboost_train - INFO - Preprocessing complete. Features: 24
2026-04-06 09:20:33,276 - ngboost_train - INFO - Data split: Train=536 samples, Test=134 samples
2026-04-06 09:20:33,276 - ngboost_train - INFO - Training samples: 536
2026-04-06 09:20:33,276 - ngboost_train - INFO - Test samples: 134
2026-04-06 09:20:33,276 - ngboost_train - INFO - 
----------------------------------------
2026-04-06 09:20:33,276 - ngboost_train - INFO - Step 3: Calculating Residuals from XGBoost
2026-04-06 09:20:33,276 - ngboost_train - INFO - ----------------------------------------
2026-04-06 09:20:33,279 - ngboost_train - INFO - Training residuals - Mean: -0.2677, Std: 161.6122
2026-04-06 09:20:33,280 - ngboost_train - INFO - Test residuals - Mean: -44.3525, Std: 328.7204
2026-04-06 09:20:33,280 - ngboost_train - INFO - 
----------------------------------------
2026-04-06 09:20:33,280 - ngboost_train - INFO - Step 3.5: Calculating XGBoost Prediction Variance
2026-04-06 09:20:33,280 - ngboost_train - INFO - ----------------------------------------
2026-04-06 09:20:33,280 - ngboost_train - INFO - Using XGBoost ensemble variance as input feature for NGBoost
2026-04-06 09:20:34,202 - ngboost_train - INFO - Training variance - Mean: 163.0817, Std: 219.9380
2026-04-06 09:20:34,202 - ngboost_train - INFO - Test variance - Mean: 131.3588, Std: 181.8612
2026-04-06 09:20:34,202 - ngboost_train - INFO - Feature matrix shape with variance: (536, 25)
2026-04-06 09:20:34,203 - ngboost_train - INFO - 
----------------------------------------
2026-04-06 09:20:34,203 - ngboost_train - INFO - Step 4: Training NGBoost on Residuals
2026-04-06 09:20:34,203 - ngboost_train - INFO - ----------------------------------------
2026-04-06 09:20:34,203 - ngboost_train - INFO - Using default NGBoost parameters
2026-04-06 09:20:34,203 - ngboost_train - INFO - 
============================================================
2026-04-06 09:20:34,204 - ngboost_train - INFO - Training NGBoost Model on Residuals
2026-04-06 09:20:34,204 - ngboost_train - INFO - ============================================================
2026-04-06 09:20:34,204 - ngboost_train - INFO - Training samples: 536
2026-04-06 09:20:34,204 - ngboost_train - INFO - Parameters: {'n_estimators': 1000, 'learning_rate': 0.0039, 'minibatch_frac': 0.42, 'col_sample': 0.54, 'verbose': False}
2026-04-06 09:20:34,554 - ngboost_train - INFO - Training completed with early stopping (patience=50)
2026-04-06 09:20:34,555 - ngboost_train - INFO - 
----------------------------------------
2026-04-06 09:20:34,555 - ngboost_train - INFO - Step 5: Evaluating Prediction Intervals
2026-04-06 09:20:34,555 - ngboost_train - INFO - ----------------------------------------
2026-04-06 09:20:34,574 - ngboost_train - INFO - 
==================================================
2026-04-06 09:20:34,574 - ngboost_train - INFO - Evaluation Results - Ensemble Train Set
2026-04-06 09:20:34,574 - ngboost_train - INFO - ==================================================
2026-04-06 09:20:34,574 - ngboost_train - INFO - R2 Score:        0.996663
2026-04-06 09:20:34,575 - ngboost_train - INFO - MSE:             25987.4874
2026-04-06 09:20:34,575 - ngboost_train - INFO - RMSE:            161.2064
2026-04-06 09:20:34,575 - ngboost_train - INFO - MAE:             82.3003
2026-04-06 09:20:34,575 - ngboost_train - INFO - MAPE:            4.5350%
2026-04-06 09:20:34,575 - ngboost_train - INFO - COV:             0.094116
2026-04-06 09:20:34,575 - ngboost_train - INFO - --------------------------------------------------
2026-04-06 09:20:34,575 - ngboost_train - INFO - Ratio Metrics (xi = pred/actual):
2026-04-06 09:20:34,575 - ngboost_train - INFO -   mu_xi (mean):  1.008986  (ideal: 1.0)
2026-04-06 09:20:34,575 - ngboost_train - INFO -   rati_mean:     1.008986  (啎聆/彸桄腔歙硉, ideal: 1.0)
2026-04-06 09:20:34,575 - ngboost_train - INFO -   sigma_xi (std): 0.094961
2026-04-06 09:20:34,575 - ngboost_train - INFO -   RMSE_ratio:    0.095297
2026-04-06 09:20:34,575 - ngboost_train - INFO -   Within +/-10%:   91.04%
2026-04-06 09:20:34,575 - ngboost_train - INFO -   Within +/-20%:   96.46%
2026-04-06 09:20:34,575 - ngboost_train - INFO - ==================================================
2026-04-06 09:20:34,575 - ngboost_train - INFO - 
============================================================
2026-04-06 09:20:34,575 - ngboost_train - INFO - Prediction Interval Coverage - Train
2026-04-06 09:20:34,575 - ngboost_train - INFO - ============================================================
2026-04-06 09:20:34,575 - ngboost_train - INFO - 97% Interval Coverage: 99.07%
2026-04-06 09:20:34,575 - ngboost_train - INFO - Target Coverage: 97.00%
2026-04-06 09:20:34,575 - ngboost_train - INFO - Coverage Gap: 2.07%
2026-04-06 09:20:34,575 - ngboost_train - INFO - 
Interval Width Statistics:
2026-04-06 09:20:34,575 - ngboost_train - INFO -   Mean Width: 657.0016
2026-04-06 09:20:34,575 - ngboost_train - INFO -   Mean Width / Actual: 47.13%
2026-04-06 09:20:34,575 - ngboost_train - INFO - ============================================================
2026-04-06 09:20:34,606 - ngboost_train - INFO - 
==================================================
2026-04-06 09:20:34,606 - ngboost_train - INFO - Evaluation Results - Ensemble Test Set
2026-04-06 09:20:34,607 - ngboost_train - INFO - ==================================================
2026-04-06 09:20:34,607 - ngboost_train - INFO - R2 Score:        0.978668
2026-04-06 09:20:34,607 - ngboost_train - INFO - MSE:             109451.3222
2026-04-06 09:20:34,607 - ngboost_train - INFO - RMSE:            330.8343
2026-04-06 09:20:34,607 - ngboost_train - INFO - MAE:             162.8647
2026-04-06 09:20:34,607 - ngboost_train - INFO - MAPE:            7.6774%
2026-04-06 09:20:34,607 - ngboost_train - INFO - COV:             0.104915
2026-04-06 09:20:34,607 - ngboost_train - INFO - --------------------------------------------------
2026-04-06 09:20:34,607 - ngboost_train - INFO - Ratio Metrics (xi = pred/actual):
2026-04-06 09:20:34,607 - ngboost_train - INFO -   mu_xi (mean):  1.019964  (ideal: 1.0)
2026-04-06 09:20:34,607 - ngboost_train - INFO -   rati_mean:     1.019964  (啎聆/彸桄腔歙硉, ideal: 1.0)
2026-04-06 09:20:34,607 - ngboost_train - INFO -   sigma_xi (std): 0.107009
2026-04-06 09:20:34,607 - ngboost_train - INFO -   RMSE_ratio:    0.108462
2026-04-06 09:20:34,607 - ngboost_train - INFO -   Within +/-10%:   73.13%
2026-04-06 09:20:34,607 - ngboost_train - INFO -   Within +/-20%:   91.04%
2026-04-06 09:20:34,607 - ngboost_train - INFO - ==================================================
2026-04-06 09:20:34,607 - ngboost_train - INFO - 
============================================================
2026-04-06 09:20:34,607 - ngboost_train - INFO - Prediction Interval Coverage - Test
2026-04-06 09:20:34,607 - ngboost_train - INFO - ============================================================
2026-04-06 09:20:34,607 - ngboost_train - INFO - 97% Interval Coverage: 91.79%
2026-04-06 09:20:34,607 - ngboost_train - INFO - Target Coverage: 97.00%
2026-04-06 09:20:34,608 - ngboost_train - INFO - Coverage Gap: 5.21%
2026-04-06 09:20:34,608 - ngboost_train - INFO - 
Interval Width Statistics:
2026-04-06 09:20:34,608 - ngboost_train - INFO -   Mean Width: 630.3384
2026-04-06 09:20:34,608 - ngboost_train - INFO -   Mean Width / Actual: 47.35%
2026-04-06 09:20:34,608 - ngboost_train - INFO - ============================================================
2026-04-06 09:20:34,608 - ngboost_train - INFO - 
============================================================
2026-04-06 09:20:34,608 - ngboost_train - INFO - Overfitting Analysis
2026-04-06 09:20:34,608 - ngboost_train - INFO - ============================================================
2026-04-06 09:20:34,608 - ngboost_train - INFO - R2 Gap (Train - Test):     0.017995
2026-04-06 09:20:34,608 - ngboost_train - INFO -   - Threshold: >0.05 indicates overfitting
2026-04-06 09:20:34,608 - ngboost_train - INFO - RMSE Ratio (Test/Train):   2.0522
2026-04-06 09:20:34,608 - ngboost_train - INFO -   - Threshold: >1.5 indicates overfitting
2026-04-06 09:20:34,608 - ngboost_train - INFO - MSE Ratio (Test/Train):    4.2117
2026-04-06 09:20:34,608 - ngboost_train - INFO - MAPE Ratio (Test/Train):   1.6929
2026-04-06 09:20:34,608 - ngboost_train - INFO - ------------------------------------------------------------
2026-04-06 09:20:34,608 - ngboost_train - INFO - Overfitting Score:         0.6134
2026-04-06 09:20:34,608 - ngboost_train - INFO - Generalization Score:      0.00/100
2026-04-06 09:20:34,608 - ngboost_train - INFO - Severity:                  HIGH
2026-04-06 09:20:34,608 - ngboost_train - INFO - ============================================================
2026-04-06 09:20:34,608 - ngboost_train - WARNING - Recommendations to reduce overfitting:
2026-04-06 09:20:34,608 - ngboost_train - WARNING -   1. Increase regularization (minibatch_frac, col_sample)
2026-04-06 09:20:34,608 - ngboost_train - WARNING -   2. Reduce n_estimators or learning_rate
2026-04-06 09:20:34,608 - ngboost_train - WARNING -   3. Add early stopping with validation set
2026-04-06 09:20:34,608 - ngboost_train - WARNING - 
[X] Coverage target NOT met: 91.79% < 97%
2026-04-06 09:20:34,608 - ngboost_train - WARNING - Consider increasing n_estimators or adjusting learning_rate
2026-04-06 09:20:34,608 - ngboost_train - INFO - 
============================================================
2026-04-06 09:20:34,609 - ngboost_train - INFO - Ensemble Model (XGBoost + NGBoost) Performance Summary
2026-04-06 09:20:34,609 - ngboost_train - INFO - ============================================================
2026-04-06 09:20:34,609 - ngboost_train - INFO - Using NGBoost mean-adjusted predictions for evaluation
2026-04-06 09:20:34,609 - ngboost_train - INFO - ------------------------------------------------------------
2026-04-06 09:20:34,609 - ngboost_train - INFO - 
[Training Set]
2026-04-06 09:20:34,609 - ngboost_train - INFO -   R2 Score:  0.996663
2026-04-06 09:20:34,609 - ngboost_train - INFO -   MSE:       25987.4874
2026-04-06 09:20:34,609 - ngboost_train - INFO -   RMSE:      161.2064
2026-04-06 09:20:34,609 - ngboost_train - INFO -   MAE:       82.3003
2026-04-06 09:20:34,609 - ngboost_train - INFO -   MAPE:      4.5350%
2026-04-06 09:20:34,609 - ngboost_train - INFO - 
[Test Set]
2026-04-06 09:20:34,609 - ngboost_train - INFO -   R2 Score:  0.978668
2026-04-06 09:20:34,609 - ngboost_train - INFO -   MSE:       109451.3222
2026-04-06 09:20:34,609 - ngboost_train - INFO -   RMSE:      330.8343
2026-04-06 09:20:34,609 - ngboost_train - INFO -   MAE:       162.8647
2026-04-06 09:20:34,609 - ngboost_train - INFO -   MAPE:      7.6774%
2026-04-06 09:20:34,609 - ngboost_train - INFO - ============================================================
2026-04-06 09:20:34,609 - ngboost_train - INFO - 
----------------------------------------
2026-04-06 09:20:34,609 - ngboost_train - INFO - Step 6: Generating Visualizations
2026-04-06 09:20:34,609 - ngboost_train - INFO - ----------------------------------------
2026-04-06 09:20:35,083 - ngboost_train - INFO - Saved residual distribution plot to: output\ngboost_20260406_092033\residual_distribution.png
2026-04-06 09:20:35,466 - ngboost_train - INFO - Saved prediction intervals plot to: output\ngboost_20260406_092033\prediction_intervals.png
