2026-04-15 12:25:27,004 - ngboost_train - INFO - ============================================================
2026-04-15 12:25:27,004 - ngboost_train - INFO - NGBoost Residual Model Training Pipeline
2026-04-15 12:25:27,004 - ngboost_train - INFO - ============================================================
2026-04-15 12:25:27,004 - ngboost_train - INFO - Output directory: output\ngboost_20260415_122527
2026-04-15 12:25:27,004 - ngboost_train - INFO - XGBoost model: output/3.16_150rounds/xgboost_model.pkl
2026-04-15 12:25:27,005 - ngboost_train - INFO - 
----------------------------------------
2026-04-15 12:25:27,008 - ngboost_train - INFO - Step 1: Loading XGBoost Model
2026-04-15 12:25:27,008 - ngboost_train - INFO - ----------------------------------------
2026-04-15 12:25:27,008 - ngboost_train - INFO - Loading XGBoost model from: output/3.16_150rounds/xgboost_model.pkl
2026-04-15 12:25:27,144 - ngboost_train - INFO - Loaded model (with preprocessor state) from: output\3.16_150rounds\xgboost_model.pkl
2026-04-15 12:25:27,144 - ngboost_train - INFO - Model uses log_transform_target: False
2026-04-15 12:25:27,144 - ngboost_train - INFO - 
----------------------------------------
2026-04-15 12:25:27,144 - ngboost_train - INFO - Step 2: Loading and Preprocessing Data
2026-04-15 12:25:27,145 - ngboost_train - INFO - ----------------------------------------
2026-04-15 12:25:27,145 - ngboost_train - INFO - Loading data from: D:\AI_study\shujukuzhuanhua\training_data_alter.csv
2026-04-15 12:25:27,148 - ngboost_train - INFO - Loaded 670 rows and 12 columns
2026-04-15 12:25:27,149 - ngboost_train - INFO - Validating data...
2026-04-15 12:25:27,149 - ngboost_train - INFO - Data validation passed
2026-04-15 12:25:27,149 - ngboost_train - INFO - Feature columns (11): ['R e,out', 't e,out', 'R e,in', 't e,in', 'e', 'fy,out', 'fy,in', 'fc,ref', 'L/r', 'ke', 'N0']
2026-04-15 12:25:27,149 - ngboost_train - INFO - Dropped columns: ['b', 'h', 'r0', 't', 'Unnamed: 22']
2026-04-15 12:25:27,152 - ngboost_train - INFO - Dataset: 670 samples, 11 features
2026-04-15 12:25:27,153 - ngboost_train - INFO - No missing values found
2026-04-15 12:25:27,153 - ngboost_train - INFO - Preprocessing complete. Features: 11
2026-04-15 12:25:27,155 - ngboost_train - INFO - Data split: Train=536 samples, Test=134 samples
2026-04-15 12:25:27,155 - ngboost_train - INFO - Training samples: 536
2026-04-15 12:25:27,155 - ngboost_train - INFO - Test samples: 134
2026-04-15 12:25:27,155 - ngboost_train - INFO - 
----------------------------------------
2026-04-15 12:25:27,155 - ngboost_train - INFO - Step 3: Calculating Residuals from XGBoost
2026-04-15 12:25:27,155 - ngboost_train - INFO - ----------------------------------------
2026-04-15 12:25:27,157 - ngboost_train - INFO - Training residuals - Mean: -0.9333, Std: 170.2572
2026-04-15 12:25:27,159 - ngboost_train - INFO - Test residuals - Mean: -20.8182, Std: 247.8422
2026-04-15 12:25:27,159 - ngboost_train - INFO - 
----------------------------------------
2026-04-15 12:25:27,159 - ngboost_train - INFO - Step 3.5: Calculating XGBoost Prediction Variance
2026-04-15 12:25:27,159 - ngboost_train - INFO - ----------------------------------------
2026-04-15 12:25:27,159 - ngboost_train - INFO - Using XGBoost ensemble variance as input feature for NGBoost
2026-04-15 12:25:27,747 - ngboost_train - INFO - Training variance - Mean: 222.7849, Std: 314.8260
2026-04-15 12:25:27,747 - ngboost_train - INFO - Test variance - Mean: 171.1190, Std: 237.0652
2026-04-15 12:25:27,747 - ngboost_train - INFO - Feature matrix shape with variance: (536, 12)
2026-04-15 12:25:27,748 - ngboost_train - INFO - 
----------------------------------------
2026-04-15 12:25:27,748 - ngboost_train - INFO - Step 4: Training NGBoost on Residuals
2026-04-15 12:25:27,748 - ngboost_train - INFO - ----------------------------------------
2026-04-15 12:25:27,749 - ngboost_train - INFO - 
Running hyperparameter optimization...
2026-04-15 12:25:27,749 - ngboost_train - INFO - 
============================================================
2026-04-15 12:25:27,749 - ngboost_train - INFO - Starting NGBoost Hyperparameter Optimization
2026-04-15 12:25:27,749 - ngboost_train - INFO - ============================================================
2026-04-15 12:25:27,749 - ngboost_train - INFO - Number of trials: 150
2026-04-15 12:25:27,749 - ngboost_train - INFO - Timeout: 4500 seconds
2026-04-15 12:25:27,749 - ngboost_train - INFO - Study name: ngboost_residual_optimization
2026-04-15 13:40:31,238 - ngboost_train - INFO - Saved best parameters to: output\ngboost_20260415_122527\logs\ngboost_best_params.json
2026-04-15 13:40:31,239 - ngboost_train - INFO - 
============================================================
2026-04-15 13:40:31,239 - ngboost_train - INFO - Optimization Complete
2026-04-15 13:40:31,240 - ngboost_train - INFO - Best NLL: 5.843469
2026-04-15 13:40:31,240 - ngboost_train - INFO - Best Parameters:
2026-04-15 13:40:31,241 - ngboost_train - INFO -   n_estimators: 1400
2026-04-15 13:40:31,241 - ngboost_train - INFO -   learning_rate: 0.0013899690720169616
2026-04-15 13:40:31,241 - ngboost_train - INFO -   minibatch_frac: 0.7800483630078346
2026-04-15 13:40:31,241 - ngboost_train - INFO -   col_sample: 0.6232064622431281
2026-04-15 13:40:31,241 - ngboost_train - INFO - ============================================================
2026-04-15 13:40:31,241 - ngboost_train - INFO - 
============================================================
2026-04-15 13:40:31,241 - ngboost_train - INFO - Training NGBoost Model on Residuals
2026-04-15 13:40:31,241 - ngboost_train - INFO - ============================================================
2026-04-15 13:40:31,241 - ngboost_train - INFO - Training samples: 536
2026-04-15 13:40:31,241 - ngboost_train - INFO - Parameters: {'n_estimators': 1400, 'learning_rate': 0.0013899690720169616, 'minibatch_frac': 0.7800483630078346, 'col_sample': 0.6232064622431281, 'Dist': <class 'ngboost.distns.normal.Normal'>, 'verbose': False}
2026-04-15 13:40:32,561 - ngboost_train - INFO - Training completed with early stopping (patience=50)
2026-04-15 13:40:32,561 - ngboost_train - INFO - 
----------------------------------------
2026-04-15 13:40:32,561 - ngboost_train - INFO - Step 4.5: Calibrating Prediction Intervals
2026-04-15 13:40:32,561 - ngboost_train - INFO - ----------------------------------------
2026-04-15 13:40:32,561 - ngboost_train - INFO - 
============================================================
2026-04-15 13:40:32,561 - ngboost_train - INFO - Calibrating Prediction Intervals (Split Conformal)
2026-04-15 13:40:32,561 - ngboost_train - INFO - ============================================================
2026-04-15 13:40:32,561 - ngboost_train - INFO - Calibration samples: 134
2026-04-15 13:40:32,561 - ngboost_train - INFO - Target confidence: 95.00%
2026-04-15 13:40:32,589 - ngboost_train - INFO - Calibration margin: 375.4071
2026-04-15 13:40:32,589 - ngboost_train - INFO - Calibrated validation coverage: 95.52%
2026-04-15 13:40:32,589 - ngboost_train - INFO - Calibrated mean width: 1349.1679
2026-04-15 13:40:32,590 - ngboost_train - INFO - ============================================================
2026-04-15 13:40:32,590 - ngboost_train - INFO - 
----------------------------------------
2026-04-15 13:40:32,590 - ngboost_train - INFO - Step 5: Evaluating Prediction Intervals
2026-04-15 13:40:32,590 - ngboost_train - INFO - ----------------------------------------
2026-04-15 13:40:32,650 - ngboost_train - INFO - 
==================================================
2026-04-15 13:40:32,650 - ngboost_train - INFO - Evaluation Results - Ensemble Train Set
2026-04-15 13:40:32,650 - ngboost_train - INFO - ==================================================
2026-04-15 13:40:32,650 - ngboost_train - INFO - R2 Score:        0.996324
2026-04-15 13:40:32,650 - ngboost_train - INFO - MSE:             28624.9511
2026-04-15 13:40:32,650 - ngboost_train - INFO - RMSE:            169.1891
2026-04-15 13:40:32,650 - ngboost_train - INFO - MAE:             93.7072
2026-04-15 13:40:32,650 - ngboost_train - INFO - MAPE:            5.0544%
2026-04-15 13:40:32,650 - ngboost_train - INFO - COV:             0.095924
2026-04-15 13:40:32,650 - ngboost_train - INFO - --------------------------------------------------
2026-04-15 13:40:32,650 - ngboost_train - INFO - Ratio Metrics (xi = pred/actual):
2026-04-15 13:40:32,650 - ngboost_train - INFO -   mu_xi (mean):  1.009968  (ideal: 1.0)
2026-04-15 13:40:32,651 - ngboost_train - INFO -   rati_mean:     1.009968  (Ô¤˛â/ĘÔŃéµÄľůÖµ, ideal: 1.0)
2026-04-15 13:40:32,651 - ngboost_train - INFO -   sigma_xi (std): 0.096880
2026-04-15 13:40:32,651 - ngboost_train - INFO -   RMSE_ratio:    0.097301
2026-04-15 13:40:32,651 - ngboost_train - INFO -   Within +/-10%:   89.55%
2026-04-15 13:40:32,651 - ngboost_train - INFO -   Within +/-20%:   95.71%
2026-04-15 13:40:32,651 - ngboost_train - INFO - ==================================================
2026-04-15 13:40:32,651 - ngboost_train - INFO - 
============================================================
2026-04-15 13:40:32,651 - ngboost_train - INFO - Prediction Interval Coverage - Train
2026-04-15 13:40:32,651 - ngboost_train - INFO - ============================================================
2026-04-15 13:40:32,651 - ngboost_train - INFO - Interval Coverage: 100.00%
2026-04-15 13:40:32,651 - ngboost_train - INFO - 
Interval Width Statistics:
2026-04-15 13:40:32,651 - ngboost_train - INFO -   Mean Width: 1372.9725
2026-04-15 13:40:32,651 - ngboost_train - INFO -   Mean Width / Actual: 99.51%
2026-04-15 13:40:32,651 - ngboost_train - INFO - ============================================================
2026-04-15 13:40:32,710 - ngboost_train - INFO - 
==================================================
2026-04-15 13:40:32,710 - ngboost_train - INFO - Evaluation Results - Ensemble Test Set
2026-04-15 13:40:32,711 - ngboost_train - INFO - ==================================================
2026-04-15 13:40:32,711 - ngboost_train - INFO - R2 Score:        0.987663
2026-04-15 13:40:32,711 - ngboost_train - INFO - MSE:             63298.6502
2026-04-15 13:40:32,711 - ngboost_train - INFO - RMSE:            251.5922
2026-04-15 13:40:32,711 - ngboost_train - INFO - MAE:             142.4389
2026-04-15 13:40:32,711 - ngboost_train - INFO - MAPE:            6.9412%
2026-04-15 13:40:32,711 - ngboost_train - INFO - COV:             0.095993
2026-04-15 13:40:32,711 - ngboost_train - INFO - --------------------------------------------------
2026-04-15 13:40:32,711 - ngboost_train - INFO - Ratio Metrics (xi = pred/actual):
2026-04-15 13:40:32,711 - ngboost_train - INFO -   mu_xi (mean):  1.009536  (ideal: 1.0)
2026-04-15 13:40:32,711 - ngboost_train - INFO -   rati_mean:     1.009536  (Ô¤˛â/ĘÔŃéµÄľůÖµ, ideal: 1.0)
2026-04-15 13:40:32,711 - ngboost_train - INFO -   sigma_xi (std): 0.096909
2026-04-15 13:40:32,711 - ngboost_train - INFO -   RMSE_ratio:    0.097016
2026-04-15 13:40:32,711 - ngboost_train - INFO -   Within +/-10%:   74.63%
2026-04-15 13:40:32,711 - ngboost_train - INFO -   Within +/-20%:   94.78%
2026-04-15 13:40:32,711 - ngboost_train - INFO - ==================================================
2026-04-15 13:40:32,711 - ngboost_train - INFO - 
============================================================
2026-04-15 13:40:32,711 - ngboost_train - INFO - Prediction Interval Coverage - Test
2026-04-15 13:40:32,711 - ngboost_train - INFO - ============================================================
2026-04-15 13:40:32,711 - ngboost_train - INFO - Interval Coverage: 95.52%
2026-04-15 13:40:32,711 - ngboost_train - INFO - 
Interval Width Statistics:
2026-04-15 13:40:32,711 - ngboost_train - INFO -   Mean Width: 1349.1679
2026-04-15 13:40:32,711 - ngboost_train - INFO -   Mean Width / Actual: 101.84%
2026-04-15 13:40:32,711 - ngboost_train - INFO - ============================================================
2026-04-15 13:40:32,711 - ngboost_train - INFO - 
============================================================
2026-04-15 13:40:32,711 - ngboost_train - INFO - Overfitting Analysis
2026-04-15 13:40:32,712 - ngboost_train - INFO - ============================================================
2026-04-15 13:40:32,712 - ngboost_train - INFO - R2 Gap (Train - Test):     0.008661
2026-04-15 13:40:32,712 - ngboost_train - INFO -   - Threshold: >0.05 indicates overfitting
2026-04-15 13:40:32,712 - ngboost_train - INFO - RMSE Ratio (Test/Train):   1.4870
2026-04-15 13:40:32,712 - ngboost_train - INFO -   - Threshold: >1.5 indicates overfitting
2026-04-15 13:40:32,712 - ngboost_train - INFO - MSE Ratio (Test/Train):    2.2113
2026-04-15 13:40:32,712 - ngboost_train - INFO - MAPE Ratio (Test/Train):   1.3733
2026-04-15 13:40:32,712 - ngboost_train - INFO - ------------------------------------------------------------
2026-04-15 13:40:32,712 - ngboost_train - INFO - Overfitting Score:         0.2895
2026-04-15 13:40:32,712 - ngboost_train - INFO - Generalization Score:      42.10/100
2026-04-15 13:40:32,712 - ngboost_train - INFO - Severity:                  LOW
2026-04-15 13:40:32,712 - ngboost_train - INFO - ============================================================
2026-04-15 13:40:32,712 - ngboost_train - INFO - Model generalizes well - no significant overfitting detected.
2026-04-15 13:40:32,712 - ngboost_train - INFO - 
[OK] Coverage target met: 95.52% >= 95%
2026-04-15 13:40:32,712 - ngboost_train - INFO - 
============================================================
2026-04-15 13:40:32,712 - ngboost_train - INFO - Ensemble Model (XGBoost + NGBoost) Performance Summary
2026-04-15 13:40:32,712 - ngboost_train - INFO - ============================================================
2026-04-15 13:40:32,712 - ngboost_train - INFO - Using NGBoost mean-adjusted predictions for evaluation
2026-04-15 13:40:32,712 - ngboost_train - INFO - ------------------------------------------------------------
2026-04-15 13:40:32,712 - ngboost_train - INFO - 
[Training Set]
2026-04-15 13:40:32,712 - ngboost_train - INFO -   R2 Score:  0.996324
2026-04-15 13:40:32,712 - ngboost_train - INFO -   MSE:       28624.9511
2026-04-15 13:40:32,712 - ngboost_train - INFO -   RMSE:      169.1891
2026-04-15 13:40:32,712 - ngboost_train - INFO -   MAE:       93.7072
2026-04-15 13:40:32,712 - ngboost_train - INFO -   MAPE:      5.0544%
2026-04-15 13:40:32,712 - ngboost_train - INFO - 
[Test Set]
2026-04-15 13:40:32,712 - ngboost_train - INFO -   R2 Score:  0.987663
2026-04-15 13:40:32,712 - ngboost_train - INFO -   MSE:       63298.6502
2026-04-15 13:40:32,713 - ngboost_train - INFO -   RMSE:      251.5922
2026-04-15 13:40:32,713 - ngboost_train - INFO -   MAE:       142.4389
2026-04-15 13:40:32,713 - ngboost_train - INFO -   MAPE:      6.9412%
2026-04-15 13:40:32,713 - ngboost_train - INFO - ============================================================
2026-04-15 13:40:32,713 - ngboost_train - INFO - 
----------------------------------------
2026-04-15 13:40:32,713 - ngboost_train - INFO - Step 6: Generating Visualizations
2026-04-15 13:40:32,713 - ngboost_train - INFO - ----------------------------------------
2026-04-15 13:40:33,303 - ngboost_train - INFO - Saved residual distribution plot to: output\ngboost_20260415_122527\residual_distribution.png
2026-04-15 13:40:33,768 - ngboost_train - INFO - Saved prediction intervals plot to: output\ngboost_20260415_122527\prediction_intervals.png
2026-04-15 13:40:34,382 - ngboost_train - INFO - Saved 3D prediction interval plot to: output\ngboost_20260415_122527\prediction_intervals_3d.png
2026-04-15 13:40:35,309 - ngboost_train - INFO - Saved calibration curve to: output\ngboost_20260415_122527\calibration_curve.png
2026-04-15 13:40:35,721 - ngboost_train - INFO - Saved stacking comparison plot to: output\ngboost_20260415_122527\stacking_comparison.png
2026-04-15 13:40:36,828 - ngboost_train - INFO - Saved residual diagnostics plot to: output\ngboost_20260415_122527\residual_diagnostics.png
2026-04-15 13:40:37,483 - ngboost_train - INFO - Saved uncertainty calibration plot to: output\ngboost_20260415_122527\uncertainty_calibration.png
2026-04-15 13:40:38,584 - ngboost_train - INFO - Saved NGBoost interpretation plot to: output\ngboost_20260415_122527\ngboost_interpretation.png
2026-04-15 13:40:39,031 - ngboost_train - INFO - Saved prediction reliability map to: output\ngboost_20260415_122527\prediction_reliability_map.png
2026-04-15 13:40:39,446 - ngboost_train - INFO - Saved uncertainty-error correlation plot to: output\ngboost_20260415_122527\uncertainty_error_correlation.png
2026-04-15 13:40:39,941 - ngboost_train - INFO - Saved correction benefit plot to: output\ngboost_20260415_122527\correction_benefit.png
2026-04-15 13:40:40,358 - ngboost_train - INFO - Saved safety margin plot to: output\ngboost_20260415_122527\safety_margin.png
2026-04-15 13:40:40,369 - ngboost_train - INFO - 
----------------------------------------
2026-04-15 13:40:40,369 - ngboost_train - INFO - Step 7: Saving NGBoost Model
2026-04-15 13:40:40,369 - ngboost_train - INFO - ----------------------------------------
2026-04-15 13:40:40,376 - ngboost_train - INFO - Saved NGBoost model to: output\ngboost_20260415_122527\ngboost_residual_model.pkl
2026-04-15 13:40:40,377 - ngboost_train - INFO - 
==================================================
2026-04-15 13:40:40,377 - ngboost_train - INFO - Evaluation Results - XGBoost Only (Test) Set
2026-04-15 13:40:40,377 - ngboost_train - INFO - ==================================================
2026-04-15 13:40:40,377 - ngboost_train - INFO - R2 Score:        0.987944
2026-04-15 13:40:40,377 - ngboost_train - INFO - MSE:             61859.1364
2026-04-15 13:40:40,377 - ngboost_train - INFO - RMSE:            248.7150
2026-04-15 13:40:40,377 - ngboost_train - INFO - MAE:             141.8271
2026-04-15 13:40:40,377 - ngboost_train - INFO - MAPE:            6.9544%
2026-04-15 13:40:40,377 - ngboost_train - INFO - COV:             0.096271
2026-04-15 13:40:40,377 - ngboost_train - INFO - --------------------------------------------------
2026-04-15 13:40:40,377 - ngboost_train - INFO - Ratio Metrics (xi = pred/actual):
2026-04-15 13:40:40,377 - ngboost_train - INFO -   mu_xi (mean):  1.010081  (ideal: 1.0)
2026-04-15 13:40:40,377 - ngboost_train - INFO -   rati_mean:     1.010081  (Ô¤˛â/ĘÔŃéµÄľůÖµ, ideal: 1.0)
2026-04-15 13:40:40,378 - ngboost_train - INFO -   sigma_xi (std): 0.097242
2026-04-15 13:40:40,378 - ngboost_train - INFO -   RMSE_ratio:    0.097401
2026-04-15 13:40:40,378 - ngboost_train - INFO -   Within +/-10%:   74.63%
2026-04-15 13:40:40,378 - ngboost_train - INFO -   Within +/-20%:   94.78%
2026-04-15 13:40:40,378 - ngboost_train - INFO - ==================================================
2026-04-15 13:40:40,506 - ngboost_train - INFO - Saved coverage summary to: output\ngboost_20260415_122527\coverage_summary.txt
2026-04-15 13:40:40,507 - ngboost_train - INFO - 
============================================================
2026-04-15 13:40:40,507 - ngboost_train - INFO - NGBoost Training Complete!
2026-04-15 13:40:40,507 - ngboost_train - INFO - ============================================================
2026-04-15 13:40:40,507 - ngboost_train - INFO - Model saved to: output\ngboost_20260415_122527\ngboost_residual_model.pkl
2026-04-15 13:40:40,507 - ngboost_train - INFO - Outputs saved to: output\ngboost_20260415_122527
2026-04-15 13:40:40,507 - ngboost_train - INFO - ============================================================
