2026-04-14 11:25:56,912 - ngboost_train - INFO - ============================================================
2026-04-14 11:25:56,912 - ngboost_train - INFO - NGBoost Residual Model Training Pipeline
2026-04-14 11:25:56,912 - ngboost_train - INFO - ============================================================
2026-04-14 11:25:56,912 - ngboost_train - INFO - Output directory: output\ngboost_20260414_112556
2026-04-14 11:25:56,912 - ngboost_train - INFO - XGBoost model: output/3.16_150rounds/xgboost_model.pkl
2026-04-14 11:25:56,914 - ngboost_train - INFO - 
----------------------------------------
2026-04-14 11:25:56,917 - ngboost_train - INFO - Step 1: Loading XGBoost Model
2026-04-14 11:25:56,918 - ngboost_train - INFO - ----------------------------------------
2026-04-14 11:25:56,918 - ngboost_train - INFO - Loading XGBoost model from: output/3.16_150rounds/xgboost_model.pkl
2026-04-14 11:25:57,170 - ngboost_train - INFO - Loaded model (with preprocessor state) from: output\3.16_150rounds\xgboost_model.pkl
2026-04-14 11:25:57,171 - ngboost_train - INFO - Model uses log_transform_target: False
2026-04-14 11:25:57,171 - ngboost_train - INFO - 
----------------------------------------
2026-04-14 11:25:57,171 - ngboost_train - INFO - Step 2: Loading and Preprocessing Data
2026-04-14 11:25:57,171 - ngboost_train - INFO - ----------------------------------------
2026-04-14 11:25:57,171 - ngboost_train - INFO - Loading data from: D:\AI_study\shujukuzhuanhua\training_data_alter.csv
2026-04-14 11:25:57,174 - ngboost_train - INFO - Loaded 670 rows and 12 columns
2026-04-14 11:25:57,175 - ngboost_train - INFO - Validating data...
2026-04-14 11:25:57,175 - ngboost_train - INFO - Data validation passed
2026-04-14 11:25:57,176 - ngboost_train - INFO - Feature columns (11): ['R e,out', 't e,out', 'R e,in', 't e,in', 'e', 'fy,out', 'fy,in', 'fc,ref', 'L/r', 'ke', 'N0']
2026-04-14 11:25:57,176 - ngboost_train - INFO - Dropped columns: ['b', 'h', 'r0', 't', 'Unnamed: 22']
2026-04-14 11:25:57,178 - ngboost_train - INFO - Dataset: 670 samples, 11 features
2026-04-14 11:25:57,179 - ngboost_train - INFO - No missing values found
2026-04-14 11:25:57,179 - ngboost_train - INFO - Preprocessing complete. Features: 11
2026-04-14 11:25:57,181 - ngboost_train - INFO - Data split: Train=536 samples, Test=134 samples
2026-04-14 11:25:57,181 - ngboost_train - INFO - Training samples: 536
2026-04-14 11:25:57,181 - ngboost_train - INFO - Test samples: 134
2026-04-14 11:25:57,181 - ngboost_train - INFO - 
----------------------------------------
2026-04-14 11:25:57,181 - ngboost_train - INFO - Step 3: Calculating Residuals from XGBoost
2026-04-14 11:25:57,181 - ngboost_train - INFO - ----------------------------------------
2026-04-14 11:25:57,184 - ngboost_train - INFO - Training residuals - Mean: 0.0274, Std: 164.3653
2026-04-14 11:25:57,185 - ngboost_train - INFO - Test residuals - Mean: -20.9277, Std: 255.4827
2026-04-14 11:25:57,185 - ngboost_train - INFO - 
----------------------------------------
2026-04-14 11:25:57,186 - ngboost_train - INFO - Step 3.5: Calculating XGBoost Prediction Variance
2026-04-14 11:25:57,186 - ngboost_train - INFO - ----------------------------------------
2026-04-14 11:25:57,186 - ngboost_train - INFO - Using XGBoost ensemble variance as input feature for NGBoost
2026-04-14 11:25:57,928 - ngboost_train - INFO - Training variance - Mean: 163.8784, Std: 216.9805
2026-04-14 11:25:57,929 - ngboost_train - INFO - Test variance - Mean: 131.3728, Std: 178.3689
2026-04-14 11:25:57,929 - ngboost_train - INFO - Feature matrix shape with variance: (536, 12)
2026-04-14 11:25:57,929 - ngboost_train - INFO - 
----------------------------------------
2026-04-14 11:25:57,929 - ngboost_train - INFO - Step 4: Training NGBoost on Residuals
2026-04-14 11:25:57,929 - ngboost_train - INFO - ----------------------------------------
2026-04-14 11:25:57,930 - ngboost_train - INFO - Using default NGBoost parameters
2026-04-14 11:25:57,930 - ngboost_train - INFO - 
============================================================
2026-04-14 11:25:57,930 - ngboost_train - INFO - Training NGBoost Model on Residuals
2026-04-14 11:25:57,930 - ngboost_train - INFO - ============================================================
2026-04-14 11:25:57,930 - ngboost_train - INFO - Training samples: 536
2026-04-14 11:25:57,931 - ngboost_train - INFO - Parameters: {'n_estimators': 1800, 'learning_rate': 0.0039, 'minibatch_frac': 0.42, 'col_sample': 0.54, 'verbose': False}
2026-04-14 11:25:58,501 - ngboost_train - INFO - Training completed with early stopping (patience=50)
2026-04-14 11:25:58,501 - ngboost_train - INFO - 
----------------------------------------
2026-04-14 11:25:58,501 - ngboost_train - INFO - Step 5: Evaluating Prediction Intervals
2026-04-14 11:25:58,501 - ngboost_train - INFO - ----------------------------------------
2026-04-14 11:25:58,530 - ngboost_train - INFO - 
==================================================
2026-04-14 11:25:58,530 - ngboost_train - INFO - Evaluation Results - Ensemble Train Set
2026-04-14 11:25:58,530 - ngboost_train - INFO - ==================================================
2026-04-14 11:25:58,530 - ngboost_train - INFO - R2 Score:        0.996564
2026-04-14 11:25:58,530 - ngboost_train - INFO - MSE:             26758.1215
2026-04-14 11:25:58,530 - ngboost_train - INFO - RMSE:            163.5791
2026-04-14 11:25:58,530 - ngboost_train - INFO - MAE:             85.3795
2026-04-14 11:25:58,530 - ngboost_train - INFO - MAPE:            4.5573%
2026-04-14 11:25:58,530 - ngboost_train - INFO - COV:             0.093997
2026-04-14 11:25:58,530 - ngboost_train - INFO - --------------------------------------------------
2026-04-14 11:25:58,530 - ngboost_train - INFO - Ratio Metrics (xi = pred/actual):
2026-04-14 11:25:58,530 - ngboost_train - INFO -   mu_xi (mean):  1.009636  (ideal: 1.0)
2026-04-14 11:25:58,530 - ngboost_train - INFO -   rati_mean:     1.009636  (‘§≤‚/ ‘—Èµƒæ˘÷µ, ideal: 1.0)
2026-04-14 11:25:58,530 - ngboost_train - INFO -   sigma_xi (std): 0.094903
2026-04-14 11:25:58,530 - ngboost_train - INFO -   RMSE_ratio:    0.095302
2026-04-14 11:25:58,530 - ngboost_train - INFO -   Within +/-10%:   92.16%
2026-04-14 11:25:58,530 - ngboost_train - INFO -   Within +/-20%:   96.64%
2026-04-14 11:25:58,530 - ngboost_train - INFO - ==================================================
2026-04-14 11:25:58,530 - ngboost_train - INFO - 
============================================================
2026-04-14 11:25:58,530 - ngboost_train - INFO - Prediction Interval Coverage - Train
2026-04-14 11:25:58,530 - ngboost_train - INFO - ============================================================
2026-04-14 11:25:58,530 - ngboost_train - INFO - Interval Coverage: 99.07%
2026-04-14 11:25:58,530 - ngboost_train - INFO - 
Interval Width Statistics:
2026-04-14 11:25:58,530 - ngboost_train - INFO -   Mean Width: 558.3814
2026-04-14 11:25:58,530 - ngboost_train - INFO -   Mean Width / Actual: 38.35%
2026-04-14 11:25:58,530 - ngboost_train - INFO - ============================================================
2026-04-14 11:25:58,552 - ngboost_train - INFO - 
==================================================
2026-04-14 11:25:58,552 - ngboost_train - INFO - Evaluation Results - Ensemble Test Set
2026-04-14 11:25:58,552 - ngboost_train - INFO - ==================================================
2026-04-14 11:25:58,552 - ngboost_train - INFO - R2 Score:        0.986921
2026-04-14 11:25:58,552 - ngboost_train - INFO - MSE:             67108.7820
2026-04-14 11:25:58,552 - ngboost_train - INFO - RMSE:            259.0536
2026-04-14 11:25:58,553 - ngboost_train - INFO - MAE:             146.2700
2026-04-14 11:25:58,553 - ngboost_train - INFO - MAPE:            6.8510%
2026-04-14 11:25:58,553 - ngboost_train - INFO - COV:             0.097998
2026-04-14 11:25:58,553 - ngboost_train - INFO - --------------------------------------------------
2026-04-14 11:25:58,553 - ngboost_train - INFO - Ratio Metrics (xi = pred/actual):
2026-04-14 11:25:58,553 - ngboost_train - INFO -   mu_xi (mean):  1.008514  (ideal: 1.0)
2026-04-14 11:25:58,553 - ngboost_train - INFO -   rati_mean:     1.008514  (‘§≤‚/ ‘—Èµƒæ˘÷µ, ideal: 1.0)
2026-04-14 11:25:58,553 - ngboost_train - INFO -   sigma_xi (std): 0.098832
2026-04-14 11:25:58,553 - ngboost_train - INFO -   RMSE_ratio:    0.098830
2026-04-14 11:25:58,553 - ngboost_train - INFO -   Within +/-10%:   77.61%
2026-04-14 11:25:58,553 - ngboost_train - INFO -   Within +/-20%:   92.54%
2026-04-14 11:25:58,553 - ngboost_train - INFO - ==================================================
2026-04-14 11:25:58,553 - ngboost_train - INFO - 
============================================================
2026-04-14 11:25:58,553 - ngboost_train - INFO - Prediction Interval Coverage - Test
2026-04-14 11:25:58,553 - ngboost_train - INFO - ============================================================
2026-04-14 11:25:58,553 - ngboost_train - INFO - Interval Coverage: 90.30%
2026-04-14 11:25:58,553 - ngboost_train - INFO - 
Interval Width Statistics:
2026-04-14 11:25:58,553 - ngboost_train - INFO -   Mean Width: 532.0582
2026-04-14 11:25:58,553 - ngboost_train - INFO -   Mean Width / Actual: 38.06%
2026-04-14 11:25:58,553 - ngboost_train - INFO - ============================================================
2026-04-14 11:25:58,553 - ngboost_train - INFO - 
============================================================
2026-04-14 11:25:58,553 - ngboost_train - INFO - Overfitting Analysis
2026-04-14 11:25:58,553 - ngboost_train - INFO - ============================================================
2026-04-14 11:25:58,553 - ngboost_train - INFO - R2 Gap (Train - Test):     0.009643
2026-04-14 11:25:58,553 - ngboost_train - INFO -   - Threshold: >0.05 indicates overfitting
2026-04-14 11:25:58,553 - ngboost_train - INFO - RMSE Ratio (Test/Train):   1.5837
2026-04-14 11:25:58,553 - ngboost_train - INFO -   - Threshold: >1.5 indicates overfitting
2026-04-14 11:25:58,553 - ngboost_train - INFO - MSE Ratio (Test/Train):    2.5080
2026-04-14 11:25:58,554 - ngboost_train - INFO - MAPE Ratio (Test/Train):   1.5033
2026-04-14 11:25:58,554 - ngboost_train - INFO - ------------------------------------------------------------
2026-04-14 11:25:58,554 - ngboost_train - INFO - Overfitting Score:         0.3518
2026-04-14 11:25:58,554 - ngboost_train - INFO - Generalization Score:      29.64/100
2026-04-14 11:25:58,554 - ngboost_train - INFO - Severity:                  MODERATE
2026-04-14 11:25:58,554 - ngboost_train - INFO - ============================================================
2026-04-14 11:25:58,554 - ngboost_train - INFO - Suggestions for improvement:
2026-04-14 11:25:58,554 - ngboost_train - INFO -   1. Fine-tune col_sample and minibatch_frac
2026-04-14 11:25:58,554 - ngboost_train - INFO -   2. Slightly reduce learning_rate
2026-04-14 11:25:58,554 - ngboost_train - WARNING - 
[X] Coverage target NOT met: 90.30% < 95%
2026-04-14 11:25:58,554 - ngboost_train - WARNING - Consider increasing n_estimators or adjusting learning_rate
2026-04-14 11:25:58,554 - ngboost_train - INFO - 
============================================================
2026-04-14 11:25:58,554 - ngboost_train - INFO - Ensemble Model (XGBoost + NGBoost) Performance Summary
2026-04-14 11:25:58,554 - ngboost_train - INFO - ============================================================
2026-04-14 11:25:58,554 - ngboost_train - INFO - Using NGBoost mean-adjusted predictions for evaluation
2026-04-14 11:25:58,554 - ngboost_train - INFO - ------------------------------------------------------------
2026-04-14 11:25:58,554 - ngboost_train - INFO - 
[Training Set]
2026-04-14 11:25:58,554 - ngboost_train - INFO -   R2 Score:  0.996564
2026-04-14 11:25:58,554 - ngboost_train - INFO -   MSE:       26758.1215
2026-04-14 11:25:58,554 - ngboost_train - INFO -   RMSE:      163.5791
2026-04-14 11:25:58,554 - ngboost_train - INFO -   MAE:       85.3795
2026-04-14 11:25:58,554 - ngboost_train - INFO -   MAPE:      4.5573%
2026-04-14 11:25:58,554 - ngboost_train - INFO - 
[Test Set]
2026-04-14 11:25:58,554 - ngboost_train - INFO -   R2 Score:  0.986921
2026-04-14 11:25:58,554 - ngboost_train - INFO -   MSE:       67108.7820
2026-04-14 11:25:58,554 - ngboost_train - INFO -   RMSE:      259.0536
2026-04-14 11:25:58,554 - ngboost_train - INFO -   MAE:       146.2700
2026-04-14 11:25:58,554 - ngboost_train - INFO -   MAPE:      6.8510%
2026-04-14 11:25:58,554 - ngboost_train - INFO - ============================================================
2026-04-14 11:25:58,554 - ngboost_train - INFO - 
----------------------------------------
2026-04-14 11:25:58,555 - ngboost_train - INFO - Step 6: Generating Visualizations
2026-04-14 11:25:58,555 - ngboost_train - INFO - ----------------------------------------
2026-04-14 11:25:58,984 - ngboost_train - INFO - Saved residual distribution plot to: output\ngboost_20260414_112556\residual_distribution.png
2026-04-14 11:25:59,351 - ngboost_train - INFO - Saved prediction intervals plot to: output\ngboost_20260414_112556\prediction_intervals.png
2026-04-14 11:25:59,825 - ngboost_train - INFO - Saved calibration curve to: output\ngboost_20260414_112556\calibration_curve.png
2026-04-14 11:25:59,842 - ngboost_train - INFO - 
----------------------------------------
2026-04-14 11:25:59,842 - ngboost_train - INFO - Step 7: Saving NGBoost Model
2026-04-14 11:25:59,842 - ngboost_train - INFO - ----------------------------------------
2026-04-14 11:25:59,862 - ngboost_train - INFO - Saved NGBoost model to: output\ngboost_20260414_112556\ngboost_residual_model.pkl
2026-04-14 11:25:59,863 - ngboost_train - INFO - Saved coverage summary to: output\ngboost_20260414_112556\coverage_summary.txt
2026-04-14 11:25:59,863 - ngboost_train - INFO - 
============================================================
2026-04-14 11:25:59,863 - ngboost_train - INFO - NGBoost Training Complete!
2026-04-14 11:25:59,863 - ngboost_train - INFO - ============================================================
2026-04-14 11:25:59,863 - ngboost_train - INFO - Model saved to: output\ngboost_20260414_112556\ngboost_residual_model.pkl
2026-04-14 11:25:59,863 - ngboost_train - INFO - Outputs saved to: output\ngboost_20260414_112556
2026-04-14 11:25:59,863 - ngboost_train - INFO - ============================================================
