2026-04-02 19:35:39,147 - ngboost_train - INFO - ============================================================
2026-04-02 19:35:39,147 - ngboost_train - INFO - NGBoost Residual Model Training Pipeline
2026-04-02 19:35:39,147 - ngboost_train - INFO - ============================================================
2026-04-02 19:35:39,148 - ngboost_train - INFO - Output directory: output\ngboost_20260402_193539
2026-04-02 19:35:39,148 - ngboost_train - INFO - XGBoost model: output/xgboost_model.pkl
2026-04-02 19:35:39,148 - ngboost_train - INFO - 
----------------------------------------
2026-04-02 19:35:39,148 - ngboost_train - INFO - Step 1: Loading XGBoost Model
2026-04-02 19:35:39,149 - ngboost_train - INFO - ----------------------------------------
2026-04-02 19:35:39,149 - ngboost_train - INFO - Loading XGBoost model from: output/xgboost_model.pkl
2026-04-02 19:35:39,256 - ngboost_train - INFO - Loaded model (with preprocessor state) from: output\xgboost_model.pkl
2026-04-02 19:35:39,257 - ngboost_train - INFO - Model uses log_transform_target: True
2026-04-02 19:35:39,257 - ngboost_train - INFO - 
----------------------------------------
2026-04-02 19:35:39,257 - ngboost_train - INFO - Step 2: Loading and Preprocessing Data
2026-04-02 19:35:39,257 - ngboost_train - INFO - ----------------------------------------
2026-04-02 19:35:39,257 - ngboost_train - INFO - Loading data from: D:\AI_study\shujukuzhuanhua\training_data.csv
2026-04-02 19:35:39,262 - ngboost_train - INFO - Loaded 670 rows and 25 columns
2026-04-02 19:35:39,262 - ngboost_train - INFO - Validating data...
2026-04-02 19:35:39,263 - ngboost_train - INFO - Data validation passed
2026-04-02 19:35:39,264 - ngboost_train - INFO - Feature columns (24): ['R e,out', 't e,out', 'R e,in', 't e,in', 'Aso', 'Asi', 'As', 'Ac', 'Ak', '¦Ö', 'e', '¦Ă', 'R e,out/R e,in', 't out/t in', '¦Ő r', 'fy,out', 'fy,in', 'fy,out/fy,in', 'fc,ref', 'L', 'e/L', 'ke', "fc'*Ac", 'N0/kN']
2026-04-02 19:35:39,264 - ngboost_train - INFO - Dropped columns: ['b', 'h', 'r0', 't', 'Unnamed: 21']
2026-04-02 19:35:39,266 - ngboost_train - INFO - Dataset: 670 samples, 24 features
2026-04-02 19:35:39,267 - ngboost_train - INFO - No missing values found
2026-04-02 19:35:39,268 - ngboost_train - INFO - Preprocessing complete. Features: 24
2026-04-02 19:35:39,270 - ngboost_train - INFO - Data split: Train=536 samples, Test=134 samples
2026-04-02 19:35:39,270 - ngboost_train - INFO - Training samples: 536
2026-04-02 19:35:39,270 - ngboost_train - INFO - Test samples: 134
2026-04-02 19:35:39,270 - ngboost_train - INFO - 
----------------------------------------
2026-04-02 19:35:39,270 - ngboost_train - INFO - Step 3: Calculating Residuals from XGBoost
2026-04-02 19:35:39,270 - ngboost_train - INFO - ----------------------------------------
2026-04-02 19:35:39,273 - ngboost_train - INFO - Training residuals - Mean: 3020.0305, Std: 2789.8469
2026-04-02 19:35:39,274 - ngboost_train - INFO - Test residuals - Mean: 2510.3945, Std: 2264.4061
2026-04-02 19:35:39,274 - ngboost_train - INFO - 
----------------------------------------
2026-04-02 19:35:39,274 - ngboost_train - INFO - Step 4: Training NGBoost on Residuals
2026-04-02 19:35:39,274 - ngboost_train - INFO - ----------------------------------------
2026-04-02 19:35:39,275 - ngboost_train - INFO - 
Running hyperparameter optimization...
2026-04-02 19:35:39,275 - ngboost_train - INFO - 
============================================================
2026-04-02 19:35:39,276 - ngboost_train - INFO - Starting NGBoost Hyperparameter Optimization
2026-04-02 19:35:39,276 - ngboost_train - INFO - ============================================================
2026-04-02 19:35:39,276 - ngboost_train - INFO - Number of trials: 150
2026-04-02 19:35:39,276 - ngboost_train - INFO - Timeout: 3600 seconds
2026-04-02 19:35:39,276 - ngboost_train - INFO - Study name: ngboost_residual_optimization
