2026-04-14 13:32:34,006 - ngboost_train - INFO - ============================================================
2026-04-14 13:32:34,006 - ngboost_train - INFO - NGBoost Residual Model Training Pipeline
2026-04-14 13:32:34,006 - ngboost_train - INFO - ============================================================
2026-04-14 13:32:34,006 - ngboost_train - INFO - Output directory: output\ngboost_20260414_133234
2026-04-14 13:32:34,006 - ngboost_train - INFO - XGBoost model: output/3.16_150rounds/xgboost_model.pkl
2026-04-14 13:32:34,006 - ngboost_train - INFO - 
----------------------------------------
2026-04-14 13:32:34,006 - ngboost_train - INFO - Step 1: Loading XGBoost Model
2026-04-14 13:32:34,007 - ngboost_train - INFO - ----------------------------------------
2026-04-14 13:32:34,007 - ngboost_train - INFO - Loading XGBoost model from: output/3.16_150rounds/xgboost_model.pkl
2026-04-14 13:32:34,173 - ngboost_train - INFO - Loaded model (with preprocessor state) from: output\3.16_150rounds\xgboost_model.pkl
2026-04-14 13:32:34,173 - ngboost_train - INFO - Model uses log_transform_target: False
2026-04-14 13:32:34,173 - ngboost_train - INFO - 
----------------------------------------
2026-04-14 13:32:34,173 - ngboost_train - INFO - Step 2: Loading and Preprocessing Data
2026-04-14 13:32:34,173 - ngboost_train - INFO - ----------------------------------------
2026-04-14 13:32:34,173 - ngboost_train - INFO - Loading data from: D:\AI_study\shujukuzhuanhua\training_data_alter.csv
2026-04-14 13:32:34,175 - ngboost_train - INFO - Loaded 670 rows and 12 columns
2026-04-14 13:32:34,176 - ngboost_train - INFO - Validating data...
2026-04-14 13:32:34,176 - ngboost_train - INFO - Data validation passed
2026-04-14 13:32:34,176 - ngboost_train - INFO - Feature columns (11): ['R e,out', 't e,out', 'R e,in', 't e,in', 'e', 'fy,out', 'fy,in', 'fc,ref', 'L/r', 'ke', 'N0']
2026-04-14 13:32:34,176 - ngboost_train - INFO - Dropped columns: ['b', 'h', 'r0', 't', 'Unnamed: 22']
2026-04-14 13:32:34,178 - ngboost_train - INFO - Dataset: 670 samples, 11 features
2026-04-14 13:32:34,178 - ngboost_train - INFO - No missing values found
2026-04-14 13:32:34,179 - ngboost_train - INFO - Preprocessing complete. Features: 11
2026-04-14 13:32:34,180 - ngboost_train - INFO - Data split: Train=536 samples, Test=134 samples
2026-04-14 13:32:34,180 - ngboost_train - INFO - Training samples: 536
2026-04-14 13:32:34,180 - ngboost_train - INFO - Test samples: 134
2026-04-14 13:32:34,180 - ngboost_train - INFO - 
----------------------------------------
2026-04-14 13:32:34,180 - ngboost_train - INFO - Step 3: Calculating Residuals from XGBoost
2026-04-14 13:32:34,180 - ngboost_train - INFO - ----------------------------------------
2026-04-14 13:32:34,182 - ngboost_train - INFO - Training residuals - Mean: 0.0274, Std: 164.3653
2026-04-14 13:32:34,184 - ngboost_train - INFO - Test residuals - Mean: -20.9277, Std: 255.4827
2026-04-14 13:32:34,184 - ngboost_train - INFO - 
----------------------------------------
2026-04-14 13:32:34,184 - ngboost_train - INFO - Step 3.5: Calculating XGBoost Prediction Variance
2026-04-14 13:32:34,184 - ngboost_train - INFO - ----------------------------------------
2026-04-14 13:32:34,184 - ngboost_train - INFO - Using XGBoost ensemble variance as input feature for NGBoost
2026-04-14 13:32:34,918 - ngboost_train - INFO - Training variance - Mean: 163.8784, Std: 216.9805
2026-04-14 13:32:34,918 - ngboost_train - INFO - Test variance - Mean: 131.3728, Std: 178.3689
2026-04-14 13:32:34,918 - ngboost_train - INFO - Feature matrix shape with variance: (536, 12)
2026-04-14 13:32:34,919 - ngboost_train - INFO - 
----------------------------------------
2026-04-14 13:32:34,919 - ngboost_train - INFO - Step 4: Training NGBoost on Residuals
2026-04-14 13:32:34,919 - ngboost_train - INFO - ----------------------------------------
2026-04-14 13:32:34,919 - ngboost_train - INFO - 
Running hyperparameter optimization...
2026-04-14 13:32:34,920 - ngboost_train - INFO - 
============================================================
2026-04-14 13:32:34,920 - ngboost_train - INFO - Starting NGBoost Hyperparameter Optimization
2026-04-14 13:32:34,920 - ngboost_train - INFO - ============================================================
2026-04-14 13:32:34,920 - ngboost_train - INFO - Number of trials: 150
2026-04-14 13:32:34,920 - ngboost_train - INFO - Timeout: 4500 seconds
2026-04-14 13:32:34,920 - ngboost_train - INFO - Study name: ngboost_residual_optimization
2026-04-14 14:35:25,545 - ngboost_train - INFO - Saved best parameters to: output\ngboost_20260414_133234\logs\ngboost_best_params.json
2026-04-14 14:35:25,546 - ngboost_train - INFO - 
============================================================
2026-04-14 14:35:25,546 - ngboost_train - INFO - Optimization Complete
2026-04-14 14:35:25,546 - ngboost_train - INFO - Best NLL: 5.957249
2026-04-14 14:35:25,547 - ngboost_train - INFO - Best Parameters:
2026-04-14 14:35:25,547 - ngboost_train - INFO -   n_estimators: 600
2026-04-14 14:35:25,547 - ngboost_train - INFO -   learning_rate: 0.0029763227865135886
2026-04-14 14:35:25,547 - ngboost_train - INFO -   minibatch_frac: 0.799438827077471
2026-04-14 14:35:25,548 - ngboost_train - INFO -   col_sample: 0.8978498654162276
2026-04-14 14:35:25,548 - ngboost_train - INFO - ============================================================
2026-04-14 14:35:25,548 - ngboost_train - INFO - 
============================================================
2026-04-14 14:35:25,548 - ngboost_train - INFO - Training NGBoost Model on Residuals
2026-04-14 14:35:25,548 - ngboost_train - INFO - ============================================================
2026-04-14 14:35:25,548 - ngboost_train - INFO - Training samples: 536
2026-04-14 14:35:25,548 - ngboost_train - INFO - Parameters: {'n_estimators': 600, 'learning_rate': 0.0029763227865135886, 'minibatch_frac': 0.799438827077471, 'col_sample': 0.8978498654162276, 'Dist': <class 'ngboost.distns.normal.Normal'>, 'verbose': False}
2026-04-14 14:35:26,024 - ngboost_train - INFO - Training completed with early stopping (patience=50)
2026-04-14 14:35:26,024 - ngboost_train - INFO - 
----------------------------------------
2026-04-14 14:35:26,024 - ngboost_train - INFO - Step 5: Evaluating Prediction Intervals
2026-04-14 14:35:26,025 - ngboost_train - INFO - ----------------------------------------
2026-04-14 14:35:26,045 - ngboost_train - INFO - 
==================================================
2026-04-14 14:35:26,045 - ngboost_train - INFO - Evaluation Results - Ensemble Train Set
2026-04-14 14:35:26,045 - ngboost_train - INFO - ==================================================
2026-04-14 14:35:26,045 - ngboost_train - INFO - R2 Score:        0.996577
2026-04-14 14:35:26,045 - ngboost_train - INFO - MSE:             26656.6241
2026-04-14 14:35:26,045 - ngboost_train - INFO - RMSE:            163.2686
2026-04-14 14:35:26,045 - ngboost_train - INFO - MAE:             85.5975
2026-04-14 14:35:26,045 - ngboost_train - INFO - MAPE:            4.5726%
2026-04-14 14:35:26,045 - ngboost_train - INFO - COV:             0.094139
2026-04-14 14:35:26,046 - ngboost_train - INFO - --------------------------------------------------
2026-04-14 14:35:26,046 - ngboost_train - INFO - Ratio Metrics (xi = pred/actual):
2026-04-14 14:35:26,046 - ngboost_train - INFO -   mu_xi (mean):  1.009651  (ideal: 1.0)
2026-04-14 14:35:26,046 - ngboost_train - INFO -   rati_mean:     1.009651  (啎聆/彸桄腔歙硉, ideal: 1.0)
2026-04-14 14:35:26,046 - ngboost_train - INFO -   sigma_xi (std): 0.095047
2026-04-14 14:35:26,046 - ngboost_train - INFO -   RMSE_ratio:    0.095447
2026-04-14 14:35:26,046 - ngboost_train - INFO -   Within +/-10%:   91.98%
2026-04-14 14:35:26,046 - ngboost_train - INFO -   Within +/-20%:   96.64%
2026-04-14 14:35:26,046 - ngboost_train - INFO - ==================================================
2026-04-14 14:35:26,046 - ngboost_train - INFO - 
============================================================
2026-04-14 14:35:26,046 - ngboost_train - INFO - Prediction Interval Coverage - Train
2026-04-14 14:35:26,046 - ngboost_train - INFO - ============================================================
2026-04-14 14:35:26,046 - ngboost_train - INFO - Interval Coverage: 99.25%
2026-04-14 14:35:26,046 - ngboost_train - INFO - 
Interval Width Statistics:
2026-04-14 14:35:26,046 - ngboost_train - INFO -   Mean Width: 588.6043
2026-04-14 14:35:26,046 - ngboost_train - INFO -   Mean Width / Actual: 41.45%
2026-04-14 14:35:26,046 - ngboost_train - INFO - ============================================================
2026-04-14 14:35:26,063 - ngboost_train - INFO - 
==================================================
2026-04-14 14:35:26,063 - ngboost_train - INFO - Evaluation Results - Ensemble Test Set
2026-04-14 14:35:26,063 - ngboost_train - INFO - ==================================================
2026-04-14 14:35:26,063 - ngboost_train - INFO - R2 Score:        0.986813
2026-04-14 14:35:26,063 - ngboost_train - INFO - MSE:             67661.5419
2026-04-14 14:35:26,063 - ngboost_train - INFO - RMSE:            260.1183
2026-04-14 14:35:26,063 - ngboost_train - INFO - MAE:             146.8389
2026-04-14 14:35:26,063 - ngboost_train - INFO - MAPE:            6.8738%
2026-04-14 14:35:26,063 - ngboost_train - INFO - COV:             0.097933
2026-04-14 14:35:26,063 - ngboost_train - INFO - --------------------------------------------------
2026-04-14 14:35:26,064 - ngboost_train - INFO - Ratio Metrics (xi = pred/actual):
2026-04-14 14:35:26,064 - ngboost_train - INFO -   mu_xi (mean):  1.008424  (ideal: 1.0)
2026-04-14 14:35:26,064 - ngboost_train - INFO -   rati_mean:     1.008424  (啎聆/彸桄腔歙硉, ideal: 1.0)
2026-04-14 14:35:26,064 - ngboost_train - INFO -   sigma_xi (std): 0.098758
2026-04-14 14:35:26,064 - ngboost_train - INFO -   RMSE_ratio:    0.098749
2026-04-14 14:35:26,064 - ngboost_train - INFO -   Within +/-10%:   76.87%
2026-04-14 14:35:26,064 - ngboost_train - INFO -   Within +/-20%:   92.54%
2026-04-14 14:35:26,064 - ngboost_train - INFO - ==================================================
2026-04-14 14:35:26,064 - ngboost_train - INFO - 
============================================================
2026-04-14 14:35:26,064 - ngboost_train - INFO - Prediction Interval Coverage - Test
2026-04-14 14:35:26,064 - ngboost_train - INFO - ============================================================
2026-04-14 14:35:26,064 - ngboost_train - INFO - Interval Coverage: 90.30%
2026-04-14 14:35:26,064 - ngboost_train - INFO - 
Interval Width Statistics:
2026-04-14 14:35:26,064 - ngboost_train - INFO -   Mean Width: 554.4644
2026-04-14 14:35:26,064 - ngboost_train - INFO -   Mean Width / Actual: 41.08%
2026-04-14 14:35:26,064 - ngboost_train - INFO - ============================================================
2026-04-14 14:35:26,064 - ngboost_train - INFO - 
============================================================
2026-04-14 14:35:26,064 - ngboost_train - INFO - Overfitting Analysis
2026-04-14 14:35:26,064 - ngboost_train - INFO - ============================================================
2026-04-14 14:35:26,064 - ngboost_train - INFO - R2 Gap (Train - Test):     0.009764
2026-04-14 14:35:26,064 - ngboost_train - INFO -   - Threshold: >0.05 indicates overfitting
2026-04-14 14:35:26,064 - ngboost_train - INFO - RMSE Ratio (Test/Train):   1.5932
2026-04-14 14:35:26,064 - ngboost_train - INFO -   - Threshold: >1.5 indicates overfitting
2026-04-14 14:35:26,064 - ngboost_train - INFO - MSE Ratio (Test/Train):    2.5383
2026-04-14 14:35:26,064 - ngboost_train - INFO - MAPE Ratio (Test/Train):   1.5032
2026-04-14 14:35:26,064 - ngboost_train - INFO - ------------------------------------------------------------
2026-04-14 14:35:26,064 - ngboost_train - INFO - Overfitting Score:         0.3567
2026-04-14 14:35:26,065 - ngboost_train - INFO - Generalization Score:      28.66/100
2026-04-14 14:35:26,065 - ngboost_train - INFO - Severity:                  MODERATE
2026-04-14 14:35:26,065 - ngboost_train - INFO - ============================================================
2026-04-14 14:35:26,065 - ngboost_train - INFO - Suggestions for improvement:
2026-04-14 14:35:26,065 - ngboost_train - INFO -   1. Fine-tune col_sample and minibatch_frac
2026-04-14 14:35:26,065 - ngboost_train - INFO -   2. Slightly reduce learning_rate
2026-04-14 14:35:26,065 - ngboost_train - WARNING - 
[X] Coverage target NOT met: 90.30% < 95%
2026-04-14 14:35:26,065 - ngboost_train - WARNING - Consider increasing n_estimators or adjusting learning_rate
2026-04-14 14:35:26,065 - ngboost_train - INFO - 
============================================================
2026-04-14 14:35:26,065 - ngboost_train - INFO - Ensemble Model (XGBoost + NGBoost) Performance Summary
2026-04-14 14:35:26,065 - ngboost_train - INFO - ============================================================
2026-04-14 14:35:26,065 - ngboost_train - INFO - Using NGBoost mean-adjusted predictions for evaluation
2026-04-14 14:35:26,065 - ngboost_train - INFO - ------------------------------------------------------------
2026-04-14 14:35:26,065 - ngboost_train - INFO - 
[Training Set]
2026-04-14 14:35:26,065 - ngboost_train - INFO -   R2 Score:  0.996577
2026-04-14 14:35:26,065 - ngboost_train - INFO -   MSE:       26656.6241
2026-04-14 14:35:26,065 - ngboost_train - INFO -   RMSE:      163.2686
2026-04-14 14:35:26,065 - ngboost_train - INFO -   MAE:       85.5975
2026-04-14 14:35:26,065 - ngboost_train - INFO -   MAPE:      4.5726%
2026-04-14 14:35:26,065 - ngboost_train - INFO - 
[Test Set]
2026-04-14 14:35:26,065 - ngboost_train - INFO -   R2 Score:  0.986813
2026-04-14 14:35:26,065 - ngboost_train - INFO -   MSE:       67661.5419
2026-04-14 14:35:26,065 - ngboost_train - INFO -   RMSE:      260.1183
2026-04-14 14:35:26,065 - ngboost_train - INFO -   MAE:       146.8389
2026-04-14 14:35:26,065 - ngboost_train - INFO -   MAPE:      6.8738%
2026-04-14 14:35:26,065 - ngboost_train - INFO - ============================================================
2026-04-14 14:35:26,065 - ngboost_train - INFO - 
----------------------------------------
2026-04-14 14:35:26,066 - ngboost_train - INFO - Step 6: Generating Visualizations
2026-04-14 14:35:26,066 - ngboost_train - INFO - ----------------------------------------
2026-04-14 14:35:26,483 - ngboost_train - INFO - Saved residual distribution plot to: output\ngboost_20260414_133234\residual_distribution.png
2026-04-14 14:35:26,812 - ngboost_train - INFO - Saved prediction intervals plot to: output\ngboost_20260414_133234\prediction_intervals.png
2026-04-14 14:35:27,305 - ngboost_train - INFO - Saved calibration curve to: output\ngboost_20260414_133234\calibration_curve.png
2026-04-14 14:35:27,319 - ngboost_train - INFO - 
----------------------------------------
2026-04-14 14:35:27,319 - ngboost_train - INFO - Step 7: Saving NGBoost Model
2026-04-14 14:35:27,319 - ngboost_train - INFO - ----------------------------------------
2026-04-14 14:35:27,324 - ngboost_train - INFO - Saved NGBoost model to: output\ngboost_20260414_133234\ngboost_residual_model.pkl
2026-04-14 14:35:27,325 - ngboost_train - INFO - Saved coverage summary to: output\ngboost_20260414_133234\coverage_summary.txt
2026-04-14 14:35:27,325 - ngboost_train - INFO - 
============================================================
2026-04-14 14:35:27,325 - ngboost_train - INFO - NGBoost Training Complete!
2026-04-14 14:35:27,325 - ngboost_train - INFO - ============================================================
2026-04-14 14:35:27,325 - ngboost_train - INFO - Model saved to: output\ngboost_20260414_133234\ngboost_residual_model.pkl
2026-04-14 14:35:27,325 - ngboost_train - INFO - Outputs saved to: output\ngboost_20260414_133234
2026-04-14 14:35:27,325 - ngboost_train - INFO - ============================================================
