2026-04-06 09:35:03,672 - ngboost_train - INFO - ============================================================
2026-04-06 09:35:03,672 - ngboost_train - INFO - NGBoost Residual Model Training Pipeline
2026-04-06 09:35:03,672 - ngboost_train - INFO - ============================================================
2026-04-06 09:35:03,672 - ngboost_train - INFO - Output directory: output\ngboost_20260406_093503
2026-04-06 09:35:03,672 - ngboost_train - INFO - XGBoost model: output/3.16_150rounds/xgboost_model.pkl
2026-04-06 09:35:03,673 - ngboost_train - INFO - 
----------------------------------------
2026-04-06 09:35:03,673 - ngboost_train - INFO - Step 1: Loading XGBoost Model
2026-04-06 09:35:03,673 - ngboost_train - INFO - ----------------------------------------
2026-04-06 09:35:03,673 - ngboost_train - INFO - Loading XGBoost model from: output/3.16_150rounds/xgboost_model.pkl
2026-04-06 09:35:03,787 - ngboost_train - INFO - Loaded model (with preprocessor state) from: output\3.16_150rounds\xgboost_model.pkl
2026-04-06 09:35:03,787 - ngboost_train - INFO - Model uses log_transform_target: False
2026-04-06 09:35:03,787 - ngboost_train - INFO - 
----------------------------------------
2026-04-06 09:35:03,787 - ngboost_train - INFO - Step 2: Loading and Preprocessing Data
2026-04-06 09:35:03,788 - ngboost_train - INFO - ----------------------------------------
2026-04-06 09:35:03,788 - ngboost_train - INFO - Loading data from: D:\AI_study\shujukuzhuanhua\training_data.csv
2026-04-06 09:35:03,792 - ngboost_train - INFO - Loaded 670 rows and 25 columns
2026-04-06 09:35:03,793 - ngboost_train - INFO - Validating data...
2026-04-06 09:35:03,793 - ngboost_train - INFO - Data validation passed
2026-04-06 09:35:03,793 - ngboost_train - INFO - Feature columns (24): ['R e,out', 't e,out', 'R e,in', 't e,in', 'Aso', 'Asi', 'As', 'Ac', 'Ak', '¶÷', 'e', '¶√', 'R e,out/R e,in', 't out/t in', '¶’ r', 'fy,out', 'fy,in', 'fy,out/fy,in', 'fc,ref', 'L', 'e/L', 'ke', "fc'*Ac", 'N0/kN']
2026-04-06 09:35:03,793 - ngboost_train - INFO - Dropped columns: ['b', 'h', 'r0', 't', 'Unnamed: 21']
2026-04-06 09:35:03,796 - ngboost_train - INFO - Dataset: 670 samples, 24 features
2026-04-06 09:35:03,797 - ngboost_train - INFO - No missing values found
2026-04-06 09:35:03,797 - ngboost_train - INFO - Preprocessing complete. Features: 24
2026-04-06 09:35:03,799 - ngboost_train - INFO - Data split: Train=536 samples, Test=134 samples
2026-04-06 09:35:03,799 - ngboost_train - INFO - Training samples: 536
2026-04-06 09:35:03,799 - ngboost_train - INFO - Test samples: 134
2026-04-06 09:35:03,799 - ngboost_train - INFO - 
----------------------------------------
2026-04-06 09:35:03,799 - ngboost_train - INFO - Step 3: Calculating Residuals from XGBoost
2026-04-06 09:35:03,799 - ngboost_train - INFO - ----------------------------------------
2026-04-06 09:35:03,802 - ngboost_train - INFO - Training residuals - Mean: -0.2677, Std: 161.6122
2026-04-06 09:35:03,804 - ngboost_train - INFO - Test residuals - Mean: -44.3525, Std: 328.7204
2026-04-06 09:35:03,804 - ngboost_train - INFO - 
----------------------------------------
2026-04-06 09:35:03,804 - ngboost_train - INFO - Step 3.5: Calculating XGBoost Prediction Variance
2026-04-06 09:35:03,804 - ngboost_train - INFO - ----------------------------------------
2026-04-06 09:35:03,804 - ngboost_train - INFO - Using XGBoost ensemble variance as input feature for NGBoost
2026-04-06 09:35:04,542 - ngboost_train - INFO - Training variance - Mean: 163.0817, Std: 219.9380
2026-04-06 09:35:04,542 - ngboost_train - INFO - Test variance - Mean: 131.3588, Std: 181.8612
2026-04-06 09:35:04,542 - ngboost_train - INFO - Feature matrix shape with variance: (536, 25)
2026-04-06 09:35:04,542 - ngboost_train - INFO - 
----------------------------------------
2026-04-06 09:35:04,542 - ngboost_train - INFO - Step 4: Training NGBoost on Residuals
2026-04-06 09:35:04,542 - ngboost_train - INFO - ----------------------------------------
2026-04-06 09:35:04,543 - ngboost_train - INFO - Using default NGBoost parameters
2026-04-06 09:35:04,543 - ngboost_train - INFO - 
============================================================
2026-04-06 09:35:04,543 - ngboost_train - INFO - Training NGBoost Model on Residuals
2026-04-06 09:35:04,543 - ngboost_train - INFO - ============================================================
2026-04-06 09:35:04,543 - ngboost_train - INFO - Training samples: 536
2026-04-06 09:35:04,543 - ngboost_train - INFO - Parameters: {'n_estimators': 1800, 'learning_rate': 0.0039, 'minibatch_frac': 0.42, 'col_sample': 0.54, 'verbose': False}
2026-04-06 09:35:04,855 - ngboost_train - INFO - Training completed with early stopping (patience=50)
2026-04-06 09:35:04,855 - ngboost_train - INFO - 
----------------------------------------
2026-04-06 09:35:04,855 - ngboost_train - INFO - Step 5: Evaluating Prediction Intervals
2026-04-06 09:35:04,855 - ngboost_train - INFO - ----------------------------------------
2026-04-06 09:35:04,876 - ngboost_train - INFO - 
==================================================
2026-04-06 09:35:04,876 - ngboost_train - INFO - Evaluation Results - Ensemble Train Set
2026-04-06 09:35:04,876 - ngboost_train - INFO - ==================================================
2026-04-06 09:35:04,876 - ngboost_train - INFO - R2 Score:        0.996673
2026-04-06 09:35:04,877 - ngboost_train - INFO - MSE:             25909.8073
2026-04-06 09:35:04,877 - ngboost_train - INFO - RMSE:            160.9652
2026-04-06 09:35:04,877 - ngboost_train - INFO - MAE:             82.3053
2026-04-06 09:35:04,877 - ngboost_train - INFO - MAPE:            4.5291%
2026-04-06 09:35:04,877 - ngboost_train - INFO - COV:             0.093988
2026-04-06 09:35:04,877 - ngboost_train - INFO - --------------------------------------------------
2026-04-06 09:35:04,877 - ngboost_train - INFO - Ratio Metrics (xi = pred/actual):
2026-04-06 09:35:04,877 - ngboost_train - INFO -   mu_xi (mean):  1.008789  (ideal: 1.0)
2026-04-06 09:35:04,877 - ngboost_train - INFO -   rati_mean:     1.008789  (‘§≤‚/ ‘—Èµƒæ˘÷µ, ideal: 1.0)
2026-04-06 09:35:04,877 - ngboost_train - INFO -   sigma_xi (std): 0.094814
2026-04-06 09:35:04,877 - ngboost_train - INFO -   RMSE_ratio:    0.095133
2026-04-06 09:35:04,877 - ngboost_train - INFO -   Within +/-10%:   90.86%
2026-04-06 09:35:04,877 - ngboost_train - INFO -   Within +/-20%:   95.90%
2026-04-06 09:35:04,877 - ngboost_train - INFO - ==================================================
2026-04-06 09:35:04,877 - ngboost_train - INFO - 
============================================================
2026-04-06 09:35:04,877 - ngboost_train - INFO - Prediction Interval Coverage - Train
2026-04-06 09:35:04,877 - ngboost_train - INFO - ============================================================
2026-04-06 09:35:04,877 - ngboost_train - INFO - Interval Coverage: 98.51%
2026-04-06 09:35:04,877 - ngboost_train - INFO - 
Interval Width Statistics:
2026-04-06 09:35:04,877 - ngboost_train - INFO -   Mean Width: 594.2538
2026-04-06 09:35:04,877 - ngboost_train - INFO -   Mean Width / Actual: 42.53%
2026-04-06 09:35:04,877 - ngboost_train - INFO - ============================================================
2026-04-06 09:35:04,890 - ngboost_train - INFO - 
==================================================
2026-04-06 09:35:04,890 - ngboost_train - INFO - Evaluation Results - Ensemble Test Set
2026-04-06 09:35:04,890 - ngboost_train - INFO - ==================================================
2026-04-06 09:35:04,890 - ngboost_train - INFO - R2 Score:        0.978449
2026-04-06 09:35:04,890 - ngboost_train - INFO - MSE:             110576.0107
2026-04-06 09:35:04,890 - ngboost_train - INFO - RMSE:            332.5297
2026-04-06 09:35:04,890 - ngboost_train - INFO - MAE:             162.7262
2026-04-06 09:35:04,890 - ngboost_train - INFO - MAPE:            7.6570%
2026-04-06 09:35:04,890 - ngboost_train - INFO - COV:             0.104839
2026-04-06 09:35:04,890 - ngboost_train - INFO - --------------------------------------------------
2026-04-06 09:35:04,890 - ngboost_train - INFO - Ratio Metrics (xi = pred/actual):
2026-04-06 09:35:04,890 - ngboost_train - INFO -   mu_xi (mean):  1.020015  (ideal: 1.0)
2026-04-06 09:35:04,890 - ngboost_train - INFO -   rati_mean:     1.020015  (‘§≤‚/ ‘—Èµƒæ˘÷µ, ideal: 1.0)
2026-04-06 09:35:04,891 - ngboost_train - INFO -   sigma_xi (std): 0.106937
2026-04-06 09:35:04,891 - ngboost_train - INFO -   RMSE_ratio:    0.108401
2026-04-06 09:35:04,891 - ngboost_train - INFO -   Within +/-10%:   73.13%
2026-04-06 09:35:04,891 - ngboost_train - INFO -   Within +/-20%:   91.79%
2026-04-06 09:35:04,891 - ngboost_train - INFO - ==================================================
2026-04-06 09:35:04,891 - ngboost_train - INFO - 
============================================================
2026-04-06 09:35:04,891 - ngboost_train - INFO - Prediction Interval Coverage - Test
2026-04-06 09:35:04,891 - ngboost_train - INFO - ============================================================
2026-04-06 09:35:04,891 - ngboost_train - INFO - Interval Coverage: 88.81%
2026-04-06 09:35:04,891 - ngboost_train - INFO - 
Interval Width Statistics:
2026-04-06 09:35:04,891 - ngboost_train - INFO -   Mean Width: 564.5103
2026-04-06 09:35:04,891 - ngboost_train - INFO -   Mean Width / Actual: 42.42%
2026-04-06 09:35:04,891 - ngboost_train - INFO - ============================================================
2026-04-06 09:35:04,891 - ngboost_train - INFO - 
============================================================
2026-04-06 09:35:04,891 - ngboost_train - INFO - Overfitting Analysis
2026-04-06 09:35:04,891 - ngboost_train - INFO - ============================================================
2026-04-06 09:35:04,891 - ngboost_train - INFO - R2 Gap (Train - Test):     0.018224
2026-04-06 09:35:04,891 - ngboost_train - INFO -   - Threshold: >0.05 indicates overfitting
2026-04-06 09:35:04,891 - ngboost_train - INFO - RMSE Ratio (Test/Train):   2.0658
2026-04-06 09:35:04,891 - ngboost_train - INFO -   - Threshold: >1.5 indicates overfitting
2026-04-06 09:35:04,891 - ngboost_train - INFO - MSE Ratio (Test/Train):    4.2677
2026-04-06 09:35:04,891 - ngboost_train - INFO - MAPE Ratio (Test/Train):   1.6906
2026-04-06 09:35:04,891 - ngboost_train - INFO - ------------------------------------------------------------
2026-04-06 09:35:04,891 - ngboost_train - INFO - Overfitting Score:         0.6202
2026-04-06 09:35:04,891 - ngboost_train - INFO - Generalization Score:      0.00/100
2026-04-06 09:35:04,892 - ngboost_train - INFO - Severity:                  HIGH
2026-04-06 09:35:04,892 - ngboost_train - INFO - ============================================================
2026-04-06 09:35:04,892 - ngboost_train - WARNING - Recommendations to reduce overfitting:
2026-04-06 09:35:04,892 - ngboost_train - WARNING -   1. Increase regularization (minibatch_frac, col_sample)
2026-04-06 09:35:04,892 - ngboost_train - WARNING -   2. Reduce n_estimators or learning_rate
2026-04-06 09:35:04,892 - ngboost_train - WARNING -   3. Add early stopping with validation set
2026-04-06 09:35:04,892 - ngboost_train - WARNING - 
[X] Coverage target NOT met: 88.81% < 95%
2026-04-06 09:35:04,892 - ngboost_train - WARNING - Consider increasing n_estimators or adjusting learning_rate
2026-04-06 09:35:04,892 - ngboost_train - INFO - 
============================================================
2026-04-06 09:35:04,892 - ngboost_train - INFO - Ensemble Model (XGBoost + NGBoost) Performance Summary
2026-04-06 09:35:04,892 - ngboost_train - INFO - ============================================================
2026-04-06 09:35:04,892 - ngboost_train - INFO - Using NGBoost mean-adjusted predictions for evaluation
2026-04-06 09:35:04,892 - ngboost_train - INFO - ------------------------------------------------------------
2026-04-06 09:35:04,892 - ngboost_train - INFO - 
[Training Set]
2026-04-06 09:35:04,892 - ngboost_train - INFO -   R2 Score:  0.996673
2026-04-06 09:35:04,892 - ngboost_train - INFO -   MSE:       25909.8073
2026-04-06 09:35:04,892 - ngboost_train - INFO -   RMSE:      160.9652
2026-04-06 09:35:04,892 - ngboost_train - INFO -   MAE:       82.3053
2026-04-06 09:35:04,892 - ngboost_train - INFO -   MAPE:      4.5291%
2026-04-06 09:35:04,892 - ngboost_train - INFO - 
[Test Set]
2026-04-06 09:35:04,892 - ngboost_train - INFO -   R2 Score:  0.978449
2026-04-06 09:35:04,892 - ngboost_train - INFO -   MSE:       110576.0107
2026-04-06 09:35:04,892 - ngboost_train - INFO -   RMSE:      332.5297
2026-04-06 09:35:04,892 - ngboost_train - INFO -   MAE:       162.7262
2026-04-06 09:35:04,892 - ngboost_train - INFO -   MAPE:      7.6570%
2026-04-06 09:35:04,892 - ngboost_train - INFO - ============================================================
2026-04-06 09:35:04,893 - ngboost_train - INFO - 
----------------------------------------
2026-04-06 09:35:04,893 - ngboost_train - INFO - Step 6: Generating Visualizations
2026-04-06 09:35:04,893 - ngboost_train - INFO - ----------------------------------------
2026-04-06 09:35:05,337 - ngboost_train - INFO - Saved residual distribution plot to: output\ngboost_20260406_093503\residual_distribution.png
2026-04-06 09:35:05,710 - ngboost_train - INFO - Saved prediction intervals plot to: output\ngboost_20260406_093503\prediction_intervals.png
2026-04-06 09:35:06,105 - ngboost_train - INFO - Saved calibration curve to: output\ngboost_20260406_093503\calibration_curve.png
2026-04-06 09:35:06,119 - ngboost_train - INFO - 
----------------------------------------
2026-04-06 09:35:06,119 - ngboost_train - INFO - Step 7: Saving NGBoost Model
2026-04-06 09:35:06,119 - ngboost_train - INFO - ----------------------------------------
2026-04-06 09:35:06,122 - ngboost_train - INFO - Saved NGBoost model to: output\ngboost_20260406_093503\ngboost_residual_model.pkl
2026-04-06 09:35:06,123 - ngboost_train - INFO - Saved coverage summary to: output\ngboost_20260406_093503\coverage_summary.txt
2026-04-06 09:35:06,123 - ngboost_train - INFO - 
============================================================
2026-04-06 09:35:06,123 - ngboost_train - INFO - NGBoost Training Complete!
2026-04-06 09:35:06,123 - ngboost_train - INFO - ============================================================
2026-04-06 09:35:06,123 - ngboost_train - INFO - Model saved to: output\ngboost_20260406_093503\ngboost_residual_model.pkl
2026-04-06 09:35:06,123 - ngboost_train - INFO - Outputs saved to: output\ngboost_20260406_093503
2026-04-06 09:35:06,123 - ngboost_train - INFO - ============================================================
